
[2025-08-03 21:56:27] --- Session Start: Generating 1000 sequences with style 3 ---
[2025-08-03 21:56:27] 🎉☀️🍺😀🥑⚽️😴👍
[2025-08-03 21:56:27] 🥑⚽️☀️💻🍔📚🌙🐶
[2025-08-03 21:56:27] 😂🥳💔🌍👎🔥🐸🥑
[2025-08-03 21:56:27] 🎉☀️💻🐻🚗🦊🧠❤️
[2025-08-03 21:56:27] ✈️🐭🐨🍔💪🚀☕️🏆
[2025-08-03 21:56:27] ⭐️✈️🧠❤️👍🧠🤯🙏
[2025-08-03 21:56:27] 😡💪😡💪⭐️✈️📚😂
[2025-08-03 21:56:27] 📚😂⭐️✈️🤯🙏🙏💯
[2025-08-03 21:56:27] 👀🎉🦁🍓🏆🤔🤯🙏
[2025-08-03 21:56:27] 😴👍🥳👎🌍🐱☀️💻
[2025-08-03 21:56:27] 🐼🍕📚😂🍕🍺🧠❤️
[2025-08-03 21:56:27] 🏆🤔🥳👎🐢☕️🐶🐼
[2025-08-03 21:56:27] 🐼🍕🌙🐶🤯🙏🦁🍓
[2025-08-03 21:56:27] 🐶🐼🤔😭😀😴🐭🦁
[2025-08-03 21:56:27] 🐨🍔🤯🙏💪🚀📚😂
[2025-08-03 21:56:27] ✨🚗⚽️😎🎸🥰🐸🥑
[2025-08-03 21:56:27] 💻🐻🧠❤️🥳👎✨🚗
[2025-08-03 21:56:27] 👍🧠🥑⚽️💻🐻👍🧠
[2025-08-03 21:56:27] 💪🚀🐢☕️🐨🍔🏆🤔
[2025-08-03 21:56:27] 🦊🐸😎😡🐱🐨😴👍
[2025-08-03 21:56:27] 🍔📚💯⭐️☕️🏆🌙🐶
[2025-08-03 21:56:27] 🔥💔✈️🐭😴👍🙏💯
[2025-08-03 21:56:27] 👀🎉🥑⚽️🍺😀🚀✨
[2025-08-03 21:56:27] 🍔📚💪🚀✈️🐭🤔😭
[2025-08-03 21:56:27] 😀😴👍🧠👍🧠🌙🐶
[2025-08-03 21:56:27] 🧠❤️🍺😀🥳👎🤔😭
[2025-08-03 21:56:27] 🍔📚😎😡🥰🤯👎🔥
[2025-08-03 21:56:27] 💪🚀🍺😀☕️🏆🔥💔
[2025-08-03 21:56:27] 🔥💔🌍🐱🐼🍕🍔📚
[2025-08-03 21:56:27] 🔥💔💪🚀🌙🐶🌍🐱
[2025-08-03 21:56:27] 🎸🥰💯⭐️🚗🦊👎🔥
[2025-08-03 21:56:27] 🚗🦊💔🌍🏆🤔🤯🙏
[2025-08-03 21:56:27] 😴👍🍔📚😀😴☕️🏆
[2025-08-03 21:56:27] 💔🌍🍓🎸💔🌍😭👀
[2025-08-03 21:56:27] 🐱🐨😡💪😴👍🚗🦊
[2025-08-03 21:56:27] 🧠❤️🐭🦁😂🥳🎸🥰
[2025-08-03 21:56:27] 🐱🐨🥳👎🚗🦊🍺😀
[2025-08-03 21:56:27] 🤔😭👎🔥🌙🐶⭐️✈️
[2025-08-03 21:56:27] 🍕🍺💻🐻🍺😀🧠❤️
[2025-08-03 21:56:27] ✈️🐭💻🐻💪🚀⚽️😎
[2025-08-03 21:56:27] ☀️💻🐢☕️🤔😭✈️🐭
[2025-08-03 21:56:27] 😀😴😴👍❤️🌙🦊🐸
[2025-08-03 21:56:27] 💔🌍🐶🐼💔🌍😴👍
[2025-08-03 21:56:27] 🎸🥰😎😡😂🥳🥰🤯
[2025-08-03 21:56:27] 🙏💯🎉☀️🐨🍔🐼🍕
[2025-08-03 21:56:27] 😀😴🌙🐶❤️🌙🌍🐱
[2025-08-03 21:56:27] 🎉☀️📚😂🥑⚽️🦁🍓
[2025-08-03 21:56:27] 😡💪✨🚗🎉☀️💻🐻
[2025-08-03 21:56:27] 😎😡🦊🐸😎😡📚😂
[2025-08-03 21:56:27] ⚽️😎👀🎉📚😂🐨🍔
[2025-08-03 21:56:27] 🎸🥰🥰🤯👀🎉💔🌍
[2025-08-03 21:56:27] 🐨🍔🥳👎🐸🥑🍓🎸
[2025-08-03 21:56:27] 🎉☀️🐻🐢👎🔥🥑⚽️
[2025-08-03 21:56:27] 😡💪❤️🌙👍🧠🐶🐼
[2025-08-03 21:56:27] 🦁🍓🏆🤔❤️🌙🎸🥰
[2025-08-03 21:56:27] 😀😴🙏💯⭐️✈️😀😴
[2025-08-03 21:56:27] 🐭🦁🎉☀️😴👍🎉☀️
[2025-08-03 21:56:27] ❤️🌙🍔📚🦊🐸😴👍
[2025-08-03 21:56:27] 😭👀☕️🏆👀🎉😀😴
[2025-08-03 21:56:27] 🍺😀😎😡🧠❤️🎉☀️
[2025-08-03 21:56:27] 🥰🤯👀🎉🌙🐶🥰🤯
[2025-08-03 21:56:27] 🥑⚽️😎😡😴👍🍺😀
[2025-08-03 21:56:27] ☀️💻🍓🎸⚽️😎🙏💯
[2025-08-03 21:56:27] 😭👀🤔😭🍕🍺💪🚀
[2025-08-03 21:56:27] 🍔📚🚗🦊🐻🐢🚀✨
[2025-08-03 21:56:27] 😡💪😂🥳✨🚗😎😡
[2025-08-03 21:56:27] 🍕🍺💯⭐️☕️🏆📚😂
[2025-08-03 21:56:27] 🦁🍓📚😂😴👍🐱🐨
[2025-08-03 21:56:27] 💔🌍🐶🐼👀🎉🔥💔
[2025-08-03 21:56:27] 🤔😭🤔😭💻🐻🍔📚
[2025-08-03 21:56:27] ☀️💻✨🚗🚀✨✈️🐭
[2025-08-03 21:56:27] 🤔😭☀️💻🐨🍔💪🚀
[2025-08-03 21:56:27] 💯⭐️⭐️✈️🎉☀️🤔😭
[2025-08-03 21:56:27] 🤯🙏📚😂🎉☀️⭐️✈️
[2025-08-03 21:56:27] 🥰🤯🚀✨🌍🐱💯⭐️
[2025-08-03 21:56:27] 😭👀😡💪💪🚀⚽️😎
[2025-08-03 21:56:27] ✈️🐭✨🚗🐱🐨🐶🐼
[2025-08-03 21:56:27] 💔🌍🏆🤔✈️🐭🍺😀
[2025-08-03 21:56:27] 💪🚀🥰🤯😂🥳🎸🥰
[2025-08-03 21:56:27] 😡💪💔🌍🤯🙏🥑⚽️
[2025-08-03 21:56:27] 🐨🍔😎😡🥑⚽️⚽️😎
[2025-08-03 21:56:27] 💪🚀👀🎉🌙🐶👀🎉
[2025-08-03 21:56:27] 🐼🍕🐢☕️👍🧠😎😡
[2025-08-03 21:56:27] 🥳👎🐭🦁💻🐻😂🥳
[2025-08-03 21:56:27] ☀️💻😎😡🌙🐶📚😂
[2025-08-03 21:56:27] 🌍🐱🍕🍺💻🐻🌙🐶
[2025-08-03 21:56:27] ✈️🐭🍺😀🍓🎸🧠❤️
[2025-08-03 21:56:27] 🌙🐶🐭🦁🚀✨🦁🍓
[2025-08-03 21:56:27] ☕️🏆🎉☀️😎😡🎉☀️
[2025-08-03 21:56:27] 😭👀🔥💔🦊🐸🐸🥑
[2025-08-03 21:56:27] 🙏💯🐶🐼🍺😀🍔📚
[2025-08-03 21:56:27] 🌙🐶😀😴💪🚀💯⭐️
[2025-08-03 21:56:27] 🤔😭☀️💻☕️🏆🐼🍕
[2025-08-03 21:56:27] 🍺😀🦁🍓💪🚀🥰🤯
[2025-08-03 21:56:27] 🤔😭💯⭐️🍔📚😎😡
[2025-08-03 21:56:27] 🌍🐱👀🎉🍺😀🐸🥑
[2025-08-03 21:56:27] ⚽️😎☀️💻🧠❤️🐨🍔
[2025-08-03 21:56:27] 🐶🐼😡💪🦊🐸⭐️✈️
[2025-08-03 21:56:27] 🌍🐱🤔😭😭👀🔥💔
[2025-08-03 21:56:27] 🐨🍔😎😡🎉☀️🐻🐢
[2025-08-03 21:56:27] 🏆🤔🥑⚽️🐢☕️❤️🌙
[2025-08-03 21:56:27] 😡💪☕️🏆🐼🍕🌍🐱
[2025-08-03 21:56:27] 🥑⚽️🐼🍕🥰🤯😴👍
[2025-08-03 21:56:27] 🧠❤️📚😂🦁🍓🎉☀️
[2025-08-03 21:56:27] 🥑⚽️😀😴🦊🐸🤯🙏
[2025-08-03 21:56:27] 🎉☀️⚽️😎🙏💯🐼🍕
[2025-08-03 21:56:27] 🍓🎸🐨🍔🥑⚽️🎸🥰
[2025-08-03 21:56:27] 🍔📚❤️🌙😡💪🚗🦊
[2025-08-03 21:56:27] ☀️💻🌙🐶😴👍🎉☀️
[2025-08-03 21:56:27] 🔥💔🍓🎸👍🧠😂🥳
[2025-08-03 21:56:27] 😭👀🚗🦊👀🎉🍕🍺
[2025-08-03 21:56:27] 💻🐻⭐️✈️💪🚀😴👍
[2025-08-03 21:56:27] 🐸🥑🍕🍺😎😡🐢☕️
[2025-08-03 21:56:27] 🧠❤️⚽️😎🦊🐸🤔😭
[2025-08-03 21:56:27] 📚😂❤️🌙☕️🏆🎸🥰
[2025-08-03 21:56:27] ☕️🏆🚗🦊😀😴🍔📚
[2025-08-03 21:56:27] 💪🚀🥑⚽️🥳👎🐶🐼
[2025-08-03 21:56:27] 🐼🍕🐶🐼❤️🌙👀🎉
[2025-08-03 21:56:27] 🐶🐼🐨🍔😡💪🤔😭
[2025-08-03 21:56:27] 🍔📚🚗🦊💯⭐️🚀✨
[2025-08-03 21:56:27] 👎🔥🎉☀️🐸🥑🍓🎸
[2025-08-03 21:56:27] 🎸🥰😎😡🐱🐨😡💪
[2025-08-03 21:56:27] 🐱🐨😡💪🌍🐱🎉☀️
[2025-08-03 21:56:27] 🐭🦁🐶🐼🥳👎🦊🐸
[2025-08-03 21:56:27] ☕️🏆🥑⚽️😴👍🐻🐢
[2025-08-03 21:56:27] 🐼🍕🥑⚽️😭👀✈️🐭
[2025-08-03 21:56:27] 🍺😀🚀✨🥑⚽️🍓🎸
[2025-08-03 21:56:27] 🧠❤️🌙🐶👍🧠🍔📚
[2025-08-03 21:56:27] 😴👍🍺😀🤯🙏💯⭐️
[2025-08-03 21:56:27] 🙏💯☕️🏆☀️💻🌙🐶
[2025-08-03 21:56:27] 🐼🍕🍔📚☕️🏆🍺😀
[2025-08-03 21:56:27] 💯⭐️👎🔥🥰🤯⭐️✈️
[2025-08-03 21:56:27] 🍺😀😎😡🌍🐱🐸🥑
[2025-08-03 21:56:27] 👀🎉☕️🏆🐢☕️✈️🐭
[2025-08-03 21:56:27] 😀😴⭐️✈️💻🐻💻🐻
[2025-08-03 21:56:27] 👎🔥🐼🍕🌙🐶🦁🍓
[2025-08-03 21:56:27] 💻🐻❤️🌙🍺😀🚗🦊
[2025-08-03 21:56:27] 📚😂🦊🐸🐨🍔😂🥳
[2025-08-03 21:56:27] 🦁🍓🌍🐱👍🧠😎😡
[2025-08-03 21:56:27] 🐨🍔🐼🍕🐸🥑💪🚀
[2025-08-03 21:56:27] 🚀✨🤔😭☕️🏆😭👀
[2025-08-03 21:56:27] 🔥💔🎉☀️👎🔥🏆🤔
[2025-08-03 21:56:27] 🔥💔🐭🦁🐻🐢🐼🍕
[2025-08-03 21:56:27] 🌍🐱☕️🏆🐻🐢✨🚗
[2025-08-03 21:56:27] 🌙🐶🔥💔☕️🏆✨🚗
[2025-08-03 21:56:27] 🐻🐢🐢☕️👎🔥🏆🤔
[2025-08-03 21:56:27] 🤔😭😭👀📚😂✨🚗
[2025-08-03 21:56:27] 😴👍🍕🍺🦁🍓🙏💯
[2025-08-03 21:56:27] 📚😂💔🌍🚀✨✨🚗
[2025-08-03 21:56:27] 🤯🙏🍔📚🍕🍺😂🥳
[2025-08-03 21:56:27] 🐨🍔🤯🙏🥳👎😎😡
[2025-08-03 21:56:27] 💔🌍🍔📚☀️💻👎🔥
[2025-08-03 21:56:27] 🚀✨🐸🥑🤯🙏🤔😭
[2025-08-03 21:56:27] 🦁🍓💔🌍🤯🙏⚽️😎
[2025-08-03 21:56:27] 🎸🥰🥰🤯🎸🥰🤔😭
[2025-08-03 21:56:27] 🍓🎸🌍🐱🐼🍕😴👍
[2025-08-03 21:56:27] ✈️🐭⭐️✈️📚😂❤️🌙
[2025-08-03 21:56:27] 😭👀🍕🍺🌙🐶👀🎉
[2025-08-03 21:56:27] 😎😡🐢☕️🍔📚🥑⚽️
[2025-08-03 21:56:27] 👎🔥🤯🙏🍔📚😀😴
[2025-08-03 21:56:27] 😭👀😡💪👎🔥😎😡
[2025-08-03 21:56:27] ⭐️✈️🥑⚽️🐼🍕🎉☀️
[2025-08-03 21:56:27] 🧠❤️✈️🐭😎😡🐸🥑
[2025-08-03 21:56:27] 💔🌍🙏💯👍🧠⭐️✈️
[2025-08-03 21:56:27] 🚗🦊💻🐻🍓🎸☀️💻
[2025-08-03 21:56:27] 😀😴🦊🐸🎸🥰🌍🐱
[2025-08-03 21:56:27] 🤯🙏🐢☕️😭👀☕️🏆
[2025-08-03 21:56:27] 🐭🦁🥑⚽️🌍🐱👍🧠
[2025-08-03 21:56:27] 🍔📚🐼🍕🌍🐱🥳👎
[2025-08-03 21:56:27] 🍕🍺😴👍💻🐻🐭🦁
[2025-08-03 21:56:27] ✨🚗👀🎉🐢☕️😎😡
[2025-08-03 21:56:27] 🚀✨✨🚗👎🔥🐨🍔
[2025-08-03 21:56:27] 🐨🍔🐼🍕🐻🐢🐭🦁
[2025-08-03 21:56:27] 🤔😭🐨🍔👍🧠🐻🐢
[2025-08-03 21:56:27] 👎🔥🐱🐨✈️🐭💔🌍
[2025-08-03 21:56:27] 🔥💔💔🌍🐱🐨🐱🐨
[2025-08-03 21:56:27] 🎸🥰☕️🏆🐸🥑🐨🍔
[2025-08-03 21:56:27] 👀🎉🦊🐸🔥💔🥑⚽️
[2025-08-03 21:56:27] 😎😡🚀✨😭👀🎸🥰
[2025-08-03 21:56:27] 💔🌍🐢☕️🐸🥑✈️🐭
[2025-08-03 21:56:27] 🐭🦁😭👀😴👍🔥💔
[2025-08-03 21:56:27] 👍🧠😂🥳✨🚗💻🐻
[2025-08-03 21:56:27] 🐭🦁❤️🌙🥳👎🍺😀
[2025-08-03 21:56:27] 🤯🙏📚😂🙏💯🧠❤️
[2025-08-03 21:56:27] 🌙🐶🤯🙏💻🐻🐭🦁
[2025-08-03 21:56:27] 🙏💯😂🥳🤯🙏😎😡
[2025-08-03 21:56:27] 👀🎉🐶🐼👍🧠🐸🥑
[2025-08-03 21:56:27] 💔🌍🌙🐶🦁🍓🚀✨
[2025-08-03 21:56:27] 🤯🙏🏆🤔🐭🦁☕️🏆
[2025-08-03 21:56:27] 🥑⚽️🔥💔🐸🥑✨🚗
[2025-08-03 21:56:27] 💪🚀💪🚀⚽️😎🥰🤯
[2025-08-03 21:56:27] 💯⭐️🐶🐼🐨🍔👎🔥
[2025-08-03 21:56:27] 🍺😀🐼🍕🌍🐱💔🌍
[2025-08-03 21:56:27] 😎😡😡💪🐭🦁🧠❤️
[2025-08-03 21:56:27] 🔥💔🥳👎🐱🐨🐻🐢
[2025-08-03 21:56:27] 🐶🐼🥑⚽️🧠❤️🐨🍔
[2025-08-03 21:56:27] 🎉☀️🍺😀🐨🍔🍕🍺
[2025-08-03 21:56:27] ✈️🐭❤️🌙🦊🐸🚀✨
[2025-08-03 21:56:27] ✈️🐭🥑⚽️🎸🥰🥰🤯
[2025-08-03 21:56:27] 🤯🙏📚😂🚗🦊🐻🐢
[2025-08-03 21:56:27] 💪🚀😎😡🧠❤️😡💪
[2025-08-03 21:56:27] 😴👍🍓🎸🔥💔🌍🐱
[2025-08-03 21:56:27] 💯⭐️✈️🐭🤯🙏🍕🍺
[2025-08-03 21:56:27] 🚗🦊🐢☕️🔥💔👍🧠
[2025-08-03 21:56:27] ☀️💻🐸🥑😡💪😎😡
[2025-08-03 21:56:27] 👍🧠❤️🌙👀🎉👍🧠
[2025-08-03 21:56:27] 👀🎉🥑⚽️😴👍🙏💯
[2025-08-03 21:56:27] 🐸🥑😀😴💪🚀🔥💔
[2025-08-03 21:56:27] ✈️🐭🐻🐢🐻🐢🐶🐼
[2025-08-03 21:56:27] 🚗🦊🐨🍔🐨🍔📚😂
[2025-08-03 21:56:27] 🦊🐸🐢☕️💪🚀🐻🐢
[2025-08-03 21:56:27] 🐢☕️✈️🐭😡💪🍓🎸
[2025-08-03 21:56:27] 🐨🍔👎🔥🐢☕️📚😂
[2025-08-03 21:56:27] 👀🎉🐭🦁🍓🎸🤔😭
[2025-08-03 21:56:27] 🐱🐨😡💪❤️🌙🌙🐶
[2025-08-03 21:56:27] 🔥💔💪🚀😡💪😭👀
[2025-08-03 21:56:27] 🙏💯🍔📚☀️💻🚗🦊
[2025-08-03 21:56:27] 🎸🥰😂🥳🥰🤯🐻🐢
[2025-08-03 21:56:27] 😭👀😀😴☕️🏆🙏💯
[2025-08-03 21:56:27] 👎🔥🙏💯📚😂📚😂
[2025-08-03 21:56:27] ☀️💻🔥💔☕️🏆💯⭐️
[2025-08-03 21:56:27] 🤔😭🧠❤️🏆🤔👍🧠
[2025-08-03 21:56:27] ❤️🌙🚀✨💻🐻🐻🐢
[2025-08-03 21:56:27] 🌙🐶🤯🙏✨🚗🥳👎
[2025-08-03 21:56:27] ❤️🌙✈️🐭🌙🐶✨🚗
[2025-08-03 21:56:27] 🦊🐸🎸🥰🚀✨🏆🤔
[2025-08-03 21:56:27] 🐱🐨💯⭐️🤔😭☕️🏆
[2025-08-03 21:56:27] 🍔📚🌍🐱🐼🍕💔🌍
[2025-08-03 21:56:27] 🥰🤯😡💪😀😴🧠❤️
[2025-08-03 21:56:27] 🐢☕️💻🐻⭐️✈️👍🧠
[2025-08-03 21:56:27] 🥳👎🐭🦁🚀✨🦊🐸
[2025-08-03 21:56:27] 😂🥳🚀✨🐱🐨🍕🍺
[2025-08-03 21:56:27] 😎😡😴👍🥰🤯🌍🐱
[2025-08-03 21:56:27] 😴👍📚😂☕️🏆✨🚗
[2025-08-03 21:56:27] 🎉☀️🥑⚽️🐭🦁✈️🐭
[2025-08-03 21:56:27] 🐢☕️🦁🍓🐢☕️🚀✨
[2025-08-03 21:56:27] 🐸🥑💪🚀🍔📚😂🥳
[2025-08-03 21:56:27] ✨🚗🐢☕️🤯🙏👍🧠
[2025-08-03 21:56:27] 🤔😭😎😡🍓🎸🥰🤯
[2025-08-03 21:56:27] 💯⭐️🏆🤔🍕🍺👎🔥
[2025-08-03 21:56:27] 💻🐻🥳👎😀😴❤️🌙
[2025-08-03 21:56:27] 🧠❤️🐱🐨🐼🍕💻🐻
[2025-08-03 21:56:27] 🚀✨🚗🦊🤔😭☀️💻
[2025-08-03 21:56:27] 🌙🐶🧠❤️🦊🐸👀🎉
[2025-08-03 21:56:27] 🍕🍺🍺😀❤️🌙👎🔥
[2025-08-03 21:56:27] 🦊🐸😂🥳🍕🍺🥑⚽️
[2025-08-03 21:56:27] 👀🎉💯⭐️💔🌍🚀✨
[2025-08-03 21:56:27] 🐭🦁😴👍✈️🐭🐭🦁
[2025-08-03 21:56:27] ☕️🏆🔥💔👎🔥⭐️✈️
[2025-08-03 21:56:27] 😎😡☕️🏆🎸🥰🌙🐶
[2025-08-03 21:56:27] ☕️🏆💔🌍🐭🦁😎😡
[2025-08-03 21:56:27] 🌍🐱🍔📚☕️🏆👍🧠
[2025-08-03 21:56:27] 💯⭐️😡💪⭐️✈️❤️🌙
[2025-08-03 21:56:27] ✈️🐭😴👍☀️💻🤯🙏
[2025-08-03 21:56:27] 🥳👎🎉☀️🥰🤯😎😡
[2025-08-03 21:56:27] 👎🔥☕️🏆😡💪🥳👎
[2025-08-03 21:56:27] 🐻🐢🌙🐶🧠❤️🐻🐢
[2025-08-03 21:56:27] ✨🚗🎉☀️☕️🏆🌍🐱
[2025-08-03 21:56:27] 💪🚀😎😡🙏💯🤯🙏
[2025-08-03 21:56:27] 🌙🐶💪🚀😎😡😎😡
[2025-08-03 21:56:27] 🥳👎🤔😭🌙🐶✨🚗
[2025-08-03 21:56:27] 🎸🥰😎😡💪🚀🐱🐨
[2025-08-03 21:56:27] 🙏💯🤔😭🌙🐶🙏💯
[2025-08-03 21:56:27] 🥳👎🥳👎🐼🍕🦁🍓
[2025-08-03 21:56:27] ✨🚗🌙🐶🍕🍺😎😡
[2025-08-03 21:56:27] 🦊🐸👀🎉⚽️😎👀🎉
[2025-08-03 21:56:27] ❤️🌙👍🧠👀🎉🔥💔
[2025-08-03 21:56:27] 🐱🐨🐭🦁👎🔥🥰🤯
[2025-08-03 21:56:27] 😎😡🐶🐼😎😡🐶🐼
[2025-08-03 21:56:27] 🥑⚽️🐶🐼🥑⚽️🌙🐶
[2025-08-03 21:56:27] 🤔😭🤔😭😂🥳🥑⚽️
[2025-08-03 21:56:27] 🚀✨🍺😀🌙🐶🍔📚
[2025-08-03 21:56:27] 🎉☀️❤️🌙😡💪🐱🐨
[2025-08-03 21:56:27] 🐶🐼🧠❤️👀🎉🏆🤔
[2025-08-03 21:56:27] 🦊🐸💔🌍🦁🍓🦊🐸
[2025-08-03 21:56:27] 🐸🥑😴👍☀️💻🚀✨
[2025-08-03 21:56:27] 🐱🐨😎😡🚗🦊🐢☕️
[2025-08-03 21:56:27] 🧠❤️😭👀👎🔥🥳👎
[2025-08-03 21:56:27] 💪🚀☀️💻🤔😭🌙🐶
[2025-08-03 21:56:27] 💪🚀☕️🏆😡💪🥰🤯
[2025-08-03 21:56:27] ✨🚗😎😡😎😡👎🔥
[2025-08-03 21:56:27] ✨🚗🦊🐸⭐️✈️🤯🙏
[2025-08-03 21:56:27] 🐨🍔🍺😀😂🥳🎉☀️
[2025-08-03 21:56:27] 🎸🥰🐨🍔💯⭐️💻🐻
[2025-08-03 21:56:27] 🙏💯👍🧠🐼🍕🐸🥑
[2025-08-03 21:56:27] 🤔😭👎🔥✈️🐭🚗🦊
[2025-08-03 21:56:27] 🐻🐢👀🎉✈️🐭❤️🌙
[2025-08-03 21:56:27] 😡💪🥳👎🔥💔👎🔥
[2025-08-03 21:56:27] 😴👍🐨🍔🔥💔🤔😭
[2025-08-03 21:56:27] 🎉☀️👍🧠🐨🍔🐼🍕
[2025-08-03 21:56:27] 😭👀💔🌍🐱🐨🙏💯
[2025-08-03 21:56:27] 😴👍💻🐻🚀✨⚽️😎
[2025-08-03 21:56:27] 📚😂🥳👎🚗🦊🧠❤️
[2025-08-03 21:56:27] 🌙🐶🐢☕️🥳👎💔🌍
[2025-08-03 21:56:27] 🔥💔⭐️✈️🙏💯🥰🤯
[2025-08-03 21:56:27] 😴👍🍔📚🧠❤️💪🚀
[2025-08-03 21:56:27] 🚗🦊🍓🎸☕️🏆🐶🐼
[2025-08-03 21:56:27] 🥰🤯😴👍🐢☕️💯⭐️
[2025-08-03 21:56:27] 💯⭐️🐭🦁🐨🍔🧠❤️
[2025-08-03 21:56:27] 🐻🐢👎🔥🐸🥑💻🐻
[2025-08-03 21:56:27] 💯⭐️🐶🐼✨🚗✨🚗
[2025-08-03 21:56:27] 😀😴🍺😀🦊🐸😂🥳
[2025-08-03 21:56:27] 😂🥳⚽️😎🌙🐶🐭🦁
[2025-08-03 21:56:27] 🐶🐼😡💪🐼🍕🎸🥰
[2025-08-03 21:56:27] 🥑⚽️🚀✨🦊🐸🥰🤯
[2025-08-03 21:56:27] 😴👍🦊🐸🐭🦁😂🥳
[2025-08-03 21:56:27] 🎉☀️😡💪🚗🦊🐢☕️
[2025-08-03 21:56:27] ☕️🏆🔥💔🐸🥑🍓🎸
[2025-08-03 21:56:27] 🥰🤯😭👀💪🚀❤️🌙
[2025-08-03 21:56:27] 🍺😀🙏💯✨🚗☕️🏆
[2025-08-03 21:56:27] ✈️🐭🙏💯🥑⚽️🐢☕️
[2025-08-03 21:56:27] 💯⭐️🤯🙏🥰🤯🍕🍺
[2025-08-03 21:56:27] 🥰🤯🔥💔😴👍👍🧠
[2025-08-03 21:56:27] ❤️🌙☕️🏆🚗🦊🎸🥰
[2025-08-03 21:56:27] 😭👀😴👍👎🔥👀🎉
[2025-08-03 21:56:27] 🥰🤯🤯🙏🤯🙏🐼🍕
[2025-08-03 21:56:27] 🥰🤯🍓🎸❤️🌙👀🎉
[2025-08-03 21:56:27] 😀😴🎉☀️☀️💻🚀✨
[2025-08-03 21:56:27] ☀️💻🎉☀️🥰🤯⚽️😎
[2025-08-03 21:56:27] 💻🐻🥰🤯👀🎉💯⭐️
[2025-08-03 21:56:27] 🚀✨👎🔥🐢☕️🤔😭
[2025-08-03 21:56:27] 🐨🍔🐼🍕🥳👎🌍🐱
[2025-08-03 21:56:27] 🚗🦊📚😂🐭🦁🦁🍓
[2025-08-03 21:56:27] 💔🌍⭐️✈️😡💪☕️🏆
[2025-08-03 21:56:27] 🍺😀🍺😀📚😂🐼🍕
[2025-08-03 21:56:27] 🥰🤯🍔📚✨🚗🦊🐸
[2025-08-03 21:56:27] 🍔📚🤔😭🥑⚽️😭👀
[2025-08-03 21:56:27] 🌍🐱💯⭐️🏆🤔🐶🐼
[2025-08-03 21:56:27] 🐼🍕📚😂🌙🐶🐭🦁
[2025-08-03 21:56:27] 🦊🐸🍔📚👀🎉🙏💯
[2025-08-03 21:56:27] 🦊🐸💻🐻🙏💯💻🐻
[2025-08-03 21:56:27] 🐢☕️🙏💯😎😡😭👀
[2025-08-03 21:56:27] 🍕🍺✨🚗😴👍🔥💔
[2025-08-03 21:56:27] 🍔📚💯⭐️📚😂🍺😀
[2025-08-03 21:56:27] 🦊🐸🐢☕️🤔😭🐱🐨
[2025-08-03 21:56:27] 👀🎉🐭🦁👎🔥🦁🍓
[2025-08-03 21:56:27] ⚽️😎💯⭐️❤️🌙🐨🍔
[2025-08-03 21:56:27] 🐱🐨🍺😀🐼🍕🍺😀
[2025-08-03 21:56:27] 🌍🐱💪🚀🐱🐨⚽️😎
[2025-08-03 21:56:27] 🚗🦊👎🔥💻🐻🙏💯
[2025-08-03 21:56:27] 🎸🥰🐸🥑😴👍✈️🐭
[2025-08-03 21:56:27] 🐸🥑🌍🐱😀😴🥑⚽️
[2025-08-03 21:56:27] 🐶🐼🐻🐢🦁🍓🐭🦁
[2025-08-03 21:56:27] 😡💪👎🔥✈️🐭💪🚀
[2025-08-03 21:56:27] ☀️💻🔥💔💻🐻🐶🐼
[2025-08-03 21:56:27] 🐻🐢☕️🏆🌙🐶☀️💻
[2025-08-03 21:56:27] 🐨🍔😎😡🥰🤯🐢☕️
[2025-08-03 21:56:27] 🥰🤯💪🚀👎🔥✨🚗
[2025-08-03 21:56:27] 💻🐻🐼🍕😴👍🥰🤯
[2025-08-03 21:56:27] 😂🥳🍺😀✈️🐭👀🎉
[2025-08-03 21:56:27] 🐸🥑❤️🌙☕️🏆💻🐻
[2025-08-03 21:56:27] 💻🐻💯⭐️🥰🤯💔🌍
[2025-08-03 21:56:27] 🧠❤️🎉☀️🐢☕️🎸🥰
[2025-08-03 21:56:27] 🚀✨🦁🍓😀😴🥑⚽️
[2025-08-03 21:56:27] 👍🧠🐢☕️🦊🐸🐼🍕
[2025-08-03 21:56:27] 🙏💯🥳👎🐻🐢🥑⚽️
[2025-08-03 21:56:27] 🧠❤️🥰🤯🌍🐱👀🎉
[2025-08-03 21:56:27] ✈️🐭👀🎉😭👀🤔😭
[2025-08-03 21:56:27] 🐱🐨🚗🦊🐻🐢💔🌍
[2025-08-03 21:56:27] 😴👍🎉☀️⭐️✈️🤯🙏
[2025-08-03 21:56:27] 🐭🦁✨🚗🍓🎸👀🎉
[2025-08-03 21:56:27] 🐻🐢🐻🐢🍺😀🍓🎸
[2025-08-03 21:56:27] 💪🚀😴👍👎🔥🎉☀️
[2025-08-03 21:56:27] 🐻🐢💯⭐️✈️🐭😭👀
[2025-08-03 21:56:27] ☕️🏆🐼🍕🍓🎸🌙🐶
[2025-08-03 21:56:27] ☕️🏆☀️💻🍕🍺🐢☕️
[2025-08-03 21:56:27] ⚽️😎🍔📚💪🚀😀😴
[2025-08-03 21:56:27] 🌙🐶💪🚀🐢☕️👍🧠
[2025-08-03 21:56:27] 💪🚀💔🌍🎸🥰👍🧠
[2025-08-03 21:56:27] 🍔📚🐢☕️☀️💻🌍🐱
[2025-08-03 21:56:27] 🐱🐨😎😡☕️🏆💔🌍
[2025-08-03 21:56:27] 🤔😭🐼🍕💔🌍🦁🍓
[2025-08-03 21:56:27] 🤔😭🐼🍕🐸🥑🎸🥰
[2025-08-03 21:56:27] 🐢☕️🔥💔☕️🏆😭👀
[2025-08-03 21:56:27] 🦊🐸💔🌍😂🥳❤️🌙
[2025-08-03 21:56:27] ❤️🌙🐶🐼☀️💻⭐️✈️
[2025-08-03 21:56:27] 🤔😭🧠❤️🚀✨🐸🥑
[2025-08-03 21:56:27] 🐻🐢😭👀👎🔥🍔📚
[2025-08-03 21:56:27] 🐭🦁🥑⚽️🌍🐱🌍🐱
[2025-08-03 21:56:27] 🍺😀😂🥳🤔😭🐼🍕
[2025-08-03 21:56:27] 🐱🐨🌍🐱☕️🏆🥳👎
[2025-08-03 21:56:27] 💻🐻🦁🍓🌍🐱🚀✨
[2025-08-03 21:56:27] 🚀✨📚😂🐼🍕🍕🍺
[2025-08-03 21:56:27] 🥰🤯⚽️😎👀🎉🏆🤔
[2025-08-03 21:56:27] 🏆🤔🥳👎🤔😭🌍🐱
[2025-08-03 21:56:27] 👎🔥🐢☕️✨🚗😎😡
[2025-08-03 21:56:27] 🌙🐶😴👍🍕🍺🍓🎸
[2025-08-03 21:56:27] 💯⭐️🦊🐸😭👀🤯🙏
[2025-08-03 21:56:27] 🚗🦊🐱🐨🐸🥑🏆🤔
[2025-08-03 21:56:27] 🥳👎🐢☕️🙏💯🐨🍔
[2025-08-03 21:56:27] 🤯🙏🐼🍕✈️🐭👀🎉
[2025-08-03 21:56:27] 🐸🥑🍕🍺🚀✨👎🔥
[2025-08-03 21:56:27] 🐱🐨🐱🐨🐢☕️🎉☀️
[2025-08-03 21:56:27] 🐱🐨🌙🐶🚀✨🏆🤔
[2025-08-03 21:56:27] ⭐️✈️😂🥳🎉☀️❤️🌙
[2025-08-03 21:56:27] 🐱🐨🌍🐱🎸🥰🐻🐢
[2025-08-03 21:56:27] ⭐️✈️🌙🐶🐼🍕🥳👎
[2025-08-03 21:56:27] 😎😡🧠❤️😀😴☀️💻
[2025-08-03 21:56:27] 🥰🤯😭👀💻🐻⚽️😎
[2025-08-03 21:56:27] 🚗🦊🥳👎📚😂🤔😭
[2025-08-03 21:56:27] 🐸🥑🍓🎸🚗🦊👀🎉
[2025-08-03 21:56:27] 🍓🎸🔥💔👀🎉🧠❤️
[2025-08-03 21:56:27] 🐢☕️👍🧠💪🚀🤯🙏
[2025-08-03 21:56:27] 🚗🦊🐸🥑🥳👎🍓🎸
[2025-08-03 21:56:27] ✈️🐭😂🥳👀🎉🐢☕️
[2025-08-03 21:56:27] 🌍🐱🌍🐱😎😡🎸🥰
[2025-08-03 21:56:27] ☀️💻🐶🐼❤️🌙🔥💔
[2025-08-03 21:56:27] 💯⭐️🏆🤔😂🥳🍺😀
[2025-08-03 21:56:27] 🦊🐸🤯🙏🚀✨🐱🐨
[2025-08-03 21:56:27] 🐶🐼😭👀🐸🥑🤔😭
[2025-08-03 21:56:27] 🦊🐸🎉☀️👀🎉🙏💯
[2025-08-03 21:56:27] 🐸🥑🦊🐸✨🚗🦁🍓
[2025-08-03 21:56:27] 🌍🐱👍🧠😴👍😀😴
[2025-08-03 21:56:27] 🚗🦊😂🥳😡💪⭐️✈️
[2025-08-03 21:56:27] 🚗🦊👀🎉🐸🥑🚗🦊
[2025-08-03 21:56:27] 🐢☕️🎸🥰😭👀🤯🙏
[2025-08-03 21:56:27] 🎸🥰👍🧠🤔😭🥑⚽️
[2025-08-03 21:56:27] 💪🚀⚽️😎❤️🌙🔥💔
[2025-08-03 21:56:27] 🍓🎸💔🌍☀️💻😀😴
[2025-08-03 21:56:27] ⭐️✈️🦁🍓😭👀🦊🐸
[2025-08-03 21:56:27] 🍔📚🤔😭🚗🦊👍🧠
[2025-08-03 21:56:27] ⭐️✈️💻🐻🍕🍺🎉☀️
[2025-08-03 21:56:27] 🍺😀🐱🐨😡💪🥑⚽️
[2025-08-03 21:56:27] 😴👍🚀✨🐢☕️😀😴
[2025-08-03 21:56:27] 🐶🐼🚀✨🚀✨⭐️✈️
[2025-08-03 21:56:27] ⚽️😎🌍🐱🐶🐼🍺😀
[2025-08-03 21:56:27] ☀️💻🚀✨🔥💔🚀✨
[2025-08-03 21:56:27] 🤔😭🌙🐶🐨🍔⭐️✈️
[2025-08-03 21:56:27] 🙏💯🎸🥰✈️🐭❤️🌙
[2025-08-03 21:56:27] ❤️🌙🐶🐼🐭🦁🐸🥑
[2025-08-03 21:56:27] 🐨🍔📚😂💔🌍🥑⚽️
[2025-08-03 21:56:27] 🔥💔🤔😭💪🚀🐭🦁
[2025-08-03 21:56:27] 🐭🦁🚗🦊🦊🐸😡💪
[2025-08-03 21:56:27] ☀️💻🔥💔💯⭐️🥑⚽️
[2025-08-03 21:56:27] 🎸🥰🌍🐱✨🚗💔🌍
[2025-08-03 21:56:27] 🍺😀🦊🐸🐼🍕✈️🐭
[2025-08-03 21:56:27] ☀️💻🚗🦊🐨🍔😀😴
[2025-08-03 21:56:27] 🐶🐼💔🌍💔🌍💻🐻
[2025-08-03 21:56:27] 🐢☕️🦁🍓✈️🐭🦁🍓
[2025-08-03 21:56:27] 🍕🍺💻🐻🥰🤯📚😂
[2025-08-03 21:56:27] 🍓🎸👍🧠😎😡🥳👎
[2025-08-03 21:56:27] 🐻🐢🚀✨😎😡☕️🏆
[2025-08-03 21:56:27] 🐸🥑😡💪🔥💔💪🚀
[2025-08-03 21:56:27] ⚽️😎🏆🤔👀🎉👍🧠
[2025-08-03 21:56:27] 🦁🍓💔🌍👎🔥🍓🎸
[2025-08-03 21:56:27] 🐨🍔🍔📚😀😴🐨🍔
[2025-08-03 21:56:27] 🎸🥰🚗🦊🚀✨🥑⚽️
[2025-08-03 21:56:27] 👎🔥📚😂🎉☀️🐢☕️
[2025-08-03 21:56:27] 🎉☀️⭐️✈️⚽️😎🎉☀️
[2025-08-03 21:56:27] 🌙🐶🙏💯🦊🐸🦊🐸
[2025-08-03 21:56:27] 😡💪☀️💻🔥💔🐶🐼
[2025-08-03 21:56:27] 👀🎉✈️🐭🐢☕️🐸🥑
[2025-08-03 21:56:27] ⚽️😎📚😂😂🥳🤔😭
[2025-08-03 21:56:27] 🎉☀️🍔📚💻🐻💔🌍
[2025-08-03 21:56:27] ☕️🏆💔🌍🦁🍓🧠❤️
[2025-08-03 21:56:27] 🥑⚽️🧠❤️🥳👎🐱🐨
[2025-08-03 21:56:27] 💯⭐️🐢☕️🌍🐱🌙🐶
[2025-08-03 21:56:27] ☕️🏆😭👀🔥💔😀😴
[2025-08-03 21:56:27] 🐱🐨😡💪🚗🦊✨🚗
[2025-08-03 21:56:27] 😭👀🤯🙏🐱🐨👍🧠
[2025-08-03 21:56:27] ❤️🌙🥳👎🥰🤯😴👍
[2025-08-03 21:56:27] ✨🚗🐱🐨🐨🍔😴👍
[2025-08-03 21:56:27] 🚀✨☀️💻👎🔥💪🚀
[2025-08-03 21:56:27] ❤️🌙🍓🎸🚗🦊🐶🐼
[2025-08-03 21:56:27] ☕️🏆⭐️✈️🐶🐼🚗🦊
[2025-08-03 21:56:27] 😡💪🌍🐱👎🔥🐻🐢
[2025-08-03 21:56:27] 😂🥳🍔📚🌙🐶💯⭐️
[2025-08-03 21:56:27] 💔🌍🦊🐸👍🧠☕️🏆
[2025-08-03 21:56:27] 🍔📚🐭🦁⚽️😎🐶🐼
[2025-08-03 21:56:27] 🐸🥑🥰🤯🐢☕️🍕🍺
[2025-08-03 21:56:27] 🤯🙏🥑⚽️🐸🥑🍺😀
[2025-08-03 21:56:27] 🏆🤔🦁🍓🐱🐨👍🧠
[2025-08-03 21:56:27] 💻🐻🦊🐸🐢☕️☕️🏆
[2025-08-03 21:56:27] 🚗🦊🌙🐶🐱🐨✨🚗
[2025-08-03 21:56:27] 🐸🥑👀🎉🎉☀️🦊🐸
[2025-08-03 21:56:27] 🍺😀🍔📚🚗🦊🐸🥑
[2025-08-03 21:56:27] 🎉☀️⚽️😎✨🚗💯⭐️
[2025-08-03 21:56:27] 🚗🦊🍺😀🌙🐶✨🚗
[2025-08-03 21:56:27] 🐼🍕🐶🐼🌍🐱🍓🎸
[2025-08-03 21:56:27] 🚀✨👍🧠🐸🥑🐻🐢
[2025-08-03 21:56:27] 😭👀😴👍☕️🏆🐻🐢
[2025-08-03 21:56:27] 🐱🐨☀️💻😂🥳🥳👎
[2025-08-03 21:56:27] 🎸🥰🧠❤️🐸🥑🥳👎
[2025-08-03 21:56:27] 🚗🦊🥑⚽️🏆🤔🏆🤔
[2025-08-03 21:56:27] 😴👍❤️🌙🍕🍺⚽️😎
[2025-08-03 21:56:27] 🐱🐨👀🎉🤯🙏📚😂
[2025-08-03 21:56:27] 🦁🍓🥳👎💔🌍💪🚀
[2025-08-03 21:56:27] 👎🔥🐱🐨👍🧠🥳👎
[2025-08-03 21:56:27] 🍔📚🚀✨🦁🍓🐨🍔
[2025-08-03 21:56:27] 🔥💔🍺😀💪🚀✈️🐭
[2025-08-03 21:56:27] 🐢☕️🍕🍺🐢☕️🐢☕️
[2025-08-03 21:56:27] 🦊🐸😎😡🔥💔🍓🎸
[2025-08-03 21:56:27] 🦊🐸💔🌍🎉☀️🚗🦊
[2025-08-03 21:56:27] 🤔😭😂🥳🐸🥑🍔📚
[2025-08-03 21:56:27] 🚀✨🎉☀️🏆🤔😂🥳
[2025-08-03 21:56:27] 👎🔥🥳👎🍓🎸📚😂
[2025-08-03 21:56:27] 🐻🐢🎉☀️😭👀😭👀
[2025-08-03 21:56:27] 🥰🤯🥑⚽️📚😂🥳👎
[2025-08-03 21:56:27] 🎸🥰👀🎉👀🎉🍺😀
[2025-08-03 21:56:27] 🎸🥰😎😡😴👍🍕🍺
[2025-08-03 21:56:27] ✨🚗🐶🐼🐭🦁☀️💻
[2025-08-03 21:56:27] 🚗🦊🐨🍔🐼🍕⭐️✈️
[2025-08-03 21:56:27] 😴👍☕️🏆🦊🐸🐱🐨
[2025-08-03 21:56:27] 🍓🎸🔥💔🐱🐨💔🌍
[2025-08-03 21:56:27] 💪🚀🐢☕️🏆🤔🏆🤔
[2025-08-03 21:56:27] 🤔😭📚😂💯⭐️🐻🐢
[2025-08-03 21:56:27] 🤯🙏😀😴🧠❤️🐼🍕
[2025-08-03 21:56:27] 💻🐻🍕🍺💯⭐️🐶🐼
[2025-08-03 21:56:27] 🦁🍓😀😴🐭🦁🌙🐶
[2025-08-03 21:56:27] 💔🌍⚽️😎😂🥳😎😡
[2025-08-03 21:56:27] 🦁🍓📚😂✨🚗🍺😀
[2025-08-03 21:56:27] 🍺😀📚😂😎😡🥰🤯
[2025-08-03 21:56:27] 🐨🍔😴👍👎🔥🏆🤔
[2025-08-03 21:56:27] 🔥💔🥑⚽️🐢☕️🎉☀️
[2025-08-03 21:56:27] 🥰🤯🌙🐶📚😂🐸🥑
[2025-08-03 21:56:27] 🐶🐼☀️💻🐨🍔🦊🐸
[2025-08-03 21:56:27] 🐱🐨💻🐻🔥💔🎸🥰
[2025-08-03 21:56:27] 😴👍🚗🦊👀🎉🍺😀
[2025-08-03 21:56:27] 😎😡😴👍😎😡🍔📚
[2025-08-03 21:56:27] 👀🎉🌙🐶🤔😭🤯🙏
[2025-08-03 21:56:27] ☕️🏆🌙🐶🐸🥑🐸🥑
[2025-08-03 21:56:27] 🦊🐸🥑⚽️🙏💯⚽️😎
[2025-08-03 21:56:27] 💯⭐️🐶🐼🏆🤔🐶🐼
[2025-08-03 21:56:27] 🧠❤️😂🥳🥰🤯🚗🦊
[2025-08-03 21:56:27] 💪🚀🌍🐱✈️🐭😴👍
[2025-08-03 21:56:27] ⚽️😎☀️💻🔥💔🚀✨
[2025-08-03 21:56:27] 👎🔥🤯🙏🌍🐱😂🥳
[2025-08-03 21:56:27] 🔥💔🌙🐶👎🔥👍🧠
[2025-08-03 21:56:27] 🐢☕️😡💪🐨🍔😴👍
[2025-08-03 21:56:27] 🍓🎸🦊🐸🔥💔🔥💔
[2025-08-03 21:56:27] ✨🚗🐶🐼🥑⚽️😂🥳
[2025-08-03 21:56:27] 👍🧠💪🚀⭐️✈️🥑⚽️
[2025-08-03 21:56:27] 🐨🍔🚗🦊✨🚗🎸🥰
[2025-08-03 21:56:27] 🐱🐨📚😂💻🐻🎉☀️
[2025-08-03 21:56:27] 🐻🐢🥰🤯🌙🐶🥑⚽️
[2025-08-03 21:56:27] 💔🌍☀️💻🤔😭☕️🏆
[2025-08-03 21:56:27] 🐼🍕💯⭐️🐱🐨🥰🤯
[2025-08-03 21:56:27] ⭐️✈️📚😂👀🎉😀😴
[2025-08-03 21:56:27] 👀🎉🐻🐢🎸🥰🎉☀️
[2025-08-03 21:56:27] 👎🔥🤔😭🌙🐶🎸🥰
[2025-08-03 21:56:27] 💔🌍✈️🐭🥑⚽️🥳👎
[2025-08-03 21:56:27] 🥳👎💯⭐️🙏💯🐱🐨
[2025-08-03 21:56:27] 😴👍🌍🐱🥑⚽️😀😴
[2025-08-03 21:56:27] 🐼🍕🔥💔💯⭐️🐻🐢
[2025-08-03 21:56:27] 👎🔥🍕🍺💪🚀👎🔥
[2025-08-03 21:56:27] 💯⭐️😡💪☀️💻📚😂
[2025-08-03 21:56:27] 🥰🤯🐸🥑🎸🥰💔🌍
[2025-08-03 21:56:27] 🐢☕️💪🚀😀😴🏆🤔
[2025-08-03 21:56:27] 🍔📚🐨🍔😭👀🙏💯
[2025-08-03 21:56:27] 🎸🥰🥳👎💔🌍👎🔥
[2025-08-03 21:56:27] ❤️🌙👀🎉🔥💔👎🔥
[2025-08-03 21:56:27] 👀🎉⚽️😎🥰🤯🐭🦁
[2025-08-03 21:56:27] 📚😂🍺😀🐼🍕🐱🐨
[2025-08-03 21:56:27] 🐻🐢🍺😀😀😴💪🚀
[2025-08-03 21:56:27] 👎🔥✈️🐭☕️🏆🚗🦊
[2025-08-03 21:56:27] 💯⭐️🍓🎸☀️💻✈️🐭
[2025-08-03 21:56:27] 🍺😀⭐️✈️🐭🦁😀😴
[2025-08-03 21:56:27] 👍🧠🧠❤️💯⭐️🍕🍺
[2025-08-03 21:56:27] 😂🥳🏆🤔🙏💯🤯🙏
[2025-08-03 21:56:27] ⭐️✈️🐨🍔🐢☕️🎉☀️
[2025-08-03 21:56:27] 👍🧠✨🚗⚽️😎📚😂
[2025-08-03 21:56:27] 💪🚀🦁🍓🎉☀️🌙🐶
[2025-08-03 21:56:27] 👀🎉💪🚀😴👍📚😂
[2025-08-03 21:56:27] 🐻🐢🍺😀👎🔥🥰🤯
[2025-08-03 21:56:27] 🦁🍓🥳👎🥑⚽️🦊🐸
[2025-08-03 21:56:27] 🍓🎸💯⭐️🐨🍔🧠❤️
[2025-08-03 21:56:27] 🙏💯🐶🐼🔥💔🐭🦁
[2025-08-03 21:56:27] ⚽️😎🐭🦁🐶🐼🍕🍺
[2025-08-03 21:56:27] ✨🚗🤯🙏🍓🎸⭐️✈️
[2025-08-03 21:56:27] ✨🚗🎉☀️🤔😭📚😂
[2025-08-03 21:56:27] 🐱🐨🐶🐼🥑⚽️🎸🥰
[2025-08-03 21:56:27] 🐢☕️🐻🐢🐭🦁🐱🐨
[2025-08-03 21:56:27] 😎😡🐼🍕👎🔥🐨🍔
[2025-08-03 21:56:27] 😂🥳⚽️😎😭👀😎😡
[2025-08-03 21:56:27] 🍔📚🦁🍓🤯🙏🐭🦁
[2025-08-03 21:56:27] 🥑⚽️🐱🐨🥳👎🥰🤯
[2025-08-03 21:56:27] 🍔📚🐭🦁🥑⚽️🥑⚽️
[2025-08-03 21:56:27] 🦁🍓😂🥳💯⭐️🍕🍺
[2025-08-03 21:56:27] 🚗🦊🎸🥰📚😂🌍🐱
[2025-08-03 21:56:27] 🎸🥰💪🚀😂🥳🐢☕️
[2025-08-03 21:56:27] 🚗🦊💔🌍🐨🍔✨🚗
[2025-08-03 21:56:27] 💔🌍🦁🍓🎉☀️😎😡
[2025-08-03 21:56:27] ⚽️😎🌙🐶🏆🤔❤️🌙
[2025-08-03 21:56:27] 🎉☀️🍓🎸🥳👎🤯🙏
[2025-08-03 21:56:27] 🐭🦁👀🎉👀🎉🎸🥰
[2025-08-03 21:56:27] 🚗🦊💯⭐️📚😂😎😡
[2025-08-03 21:56:27] 🐢☕️🐻🐢🐨🍔🦊🐸
[2025-08-03 21:56:27] 🔥💔😡💪🐶🐼🚗🦊
[2025-08-03 21:56:27] 🧠❤️🚀✨🔥💔☀️💻
[2025-08-03 21:56:27] 🙏💯😭👀🤔😭🥰🤯
[2025-08-03 21:56:27] ⚽️😎🎸🥰🥰🤯🍺😀
[2025-08-03 21:56:27] 👀🎉🦁🍓😎😡🔥💔
[2025-08-03 21:56:27] ☕️🏆🤔😭⭐️✈️🙏💯
[2025-08-03 21:56:27] 💯⭐️🦁🍓⚽️😎☀️💻
[2025-08-03 21:56:27] ☀️💻🍓🎸🌙🐶🍓🎸
[2025-08-03 21:56:27] 🦊🐸😭👀😎😡✈️🐭
[2025-08-03 21:56:27] 🌙🐶🥑⚽️💯⭐️💻🐻
[2025-08-03 21:56:27] 😴👍🥑⚽️💪🚀☕️🏆
[2025-08-03 21:56:27] 🔥💔☀️💻💪🚀🥰🤯
[2025-08-03 21:56:27] 🏆🤔⭐️✈️🧠❤️🙏💯
[2025-08-03 21:56:27] 😎😡🐱🐨🍺😀📚😂
[2025-08-03 21:56:27] ✈️🐭🦁🍓🐻🐢🤯🙏
[2025-08-03 21:56:27] 📚😂👍🧠🐨🍔🐼🍕
[2025-08-03 21:56:27] 😴👍💔🌍😎😡😴👍
[2025-08-03 21:56:27] 🎸🥰🦁🍓🤯🙏🐨🍔
[2025-08-03 21:56:27] 🧠❤️⚽️😎🌍🐱💔🌍
[2025-08-03 21:56:27] 💯⭐️🙏💯🍓🎸❤️🌙
[2025-08-03 21:56:27] 🌍🐱😂🥳🥳👎⚽️😎
[2025-08-03 21:56:27] 🐻🐢🎉☀️🔥💔🍕🍺
[2025-08-03 21:56:27] 🚗🦊🥑⚽️👀🎉🥰🤯
[2025-08-03 21:56:27] 🦁🍓🎉☀️😂🥳👎🔥
[2025-08-03 21:56:27] 🧠❤️🍓🎸😀😴🎉☀️
[2025-08-03 21:56:27] 💔🌍🐭🦁🌙🐶🤯🙏
[2025-08-03 21:56:27] 👍🧠🙏💯🐻🐢💪🚀
[2025-08-03 21:56:27] 🐱🐨👍🧠⚽️😎🦁🍓
[2025-08-03 21:56:27] 🧠❤️🐱🐨🚀✨🏆🤔
[2025-08-03 21:56:27] 🍓🎸🎸🥰🥳👎⭐️✈️
[2025-08-03 21:56:27] 🤯🙏🎸🥰🍔📚🎸🥰
[2025-08-03 21:56:27] 🦁🍓🧠❤️💪🚀🏆🤔
[2025-08-03 21:56:27] 🌍🐱✨🚗😂🥳🐢☕️
[2025-08-03 21:56:27] 😂🥳😴👍☕️🏆🤔😭
[2025-08-03 21:56:27] ✨🚗🐻🐢🏆🤔🚗🦊
[2025-08-03 21:56:27] 💔🌍🌍🐱🐶🐼💪🚀
[2025-08-03 21:56:27] 📚😂😎😡🐶🐼🤔😭
[2025-08-03 21:56:27] ✈️🐭🤯🙏🐻🐢🧠❤️
[2025-08-03 21:56:27] 🐢☕️❤️🌙⭐️✈️🌙🐶
[2025-08-03 21:56:27] ❤️🌙🐨🍔🍺😀💻🐻
[2025-08-03 21:56:27] 🐸🥑🤯🙏🥑⚽️🐭🦁
[2025-08-03 21:56:27] 🥳👎🥑⚽️😭👀✨🚗
[2025-08-03 21:56:27] 😭👀🤯🙏🐱🐨🙏💯
[2025-08-03 21:56:27] 🍓🎸👀🎉🐸🥑🚀✨
[2025-08-03 21:56:27] 🍺😀💪🚀🐸🥑🎉☀️
[2025-08-03 21:56:27] 🐭🦁🤔😭🐶🐼🤯🙏
[2025-08-03 21:56:27] 🤔😭🍺😀🎸🥰🥳👎
[2025-08-03 21:56:27] 🥰🤯🍓🎸💔🌍📚😂
[2025-08-03 21:56:27] 😴👍☀️💻🔥💔🐼🍕
[2025-08-03 21:56:27] 🐼🍕🚗🦊🏆🤔😀😴
[2025-08-03 21:56:27] 🌍🐱🐻🐢🦁🍓🙏💯
[2025-08-03 21:56:27] 🐼🍕🐨🍔🦁🍓👀🎉
[2025-08-03 21:56:27] 🏆🤔🌙🐶🤯🙏🐢☕️
[2025-08-03 21:56:27] 👎🔥🍔📚🍕🍺🐸🥑
[2025-08-03 21:56:27] 🐻🐢😴👍🐶🐼😭👀
[2025-08-03 21:56:27] 😂🥳🏆🤔🌙🐶🔥💔
[2025-08-03 21:56:27] 🚀✨⭐️✈️🎉☀️🧠❤️
[2025-08-03 21:56:27] 🤯🙏😭👀❤️🌙🐭🦁
[2025-08-03 21:56:27] 🤔😭💔🌍☕️🏆☀️💻
[2025-08-03 21:56:27] ✨🚗🐸🥑🌙🐶😡💪
[2025-08-03 21:56:27] 💻🐻🐭🦁🦁🍓🥳👎
[2025-08-03 21:56:27] 📚😂🥰🤯💔🌍🚀✨
[2025-08-03 21:56:27] 📚😂🙏💯👀🎉🐨🍔
[2025-08-03 21:56:27] 🧠❤️🐻🐢😡💪👍🧠
[2025-08-03 21:56:27] 🐭🦁💪🚀🐼🍕🍕🍺
[2025-08-03 21:56:27] ❤️🌙🙏💯⚽️😎🎉☀️
[2025-08-03 21:56:27] 🚗🦊😀😴🍺😀👎🔥
[2025-08-03 21:56:27] 🚗🦊🌙🐶☕️🏆🎉☀️
[2025-08-03 21:56:27] ⭐️✈️🐭🦁👀🎉💪🚀
[2025-08-03 21:56:27] 📚😂🐼🍕☀️💻📚😂
[2025-08-03 21:56:27] 🎉☀️🤯🙏🍓🎸🌙🐶
[2025-08-03 21:56:27] 🥳👎😂🥳🥳👎🐱🐨
[2025-08-03 21:56:27] 🔥💔🌙🐶🎉☀️🤯🙏
[2025-08-03 21:56:27] 🏆🤔🍔📚📚😂😴👍
[2025-08-03 21:56:27] 🔥💔🐱🐨😭👀🐭🦁
[2025-08-03 21:56:27] 🐭🦁🧠❤️🌍🐱🥳👎
[2025-08-03 21:56:27] 🐼🍕🐸🥑💯⭐️🥰🤯
[2025-08-03 21:56:27] 🐼🍕🚀✨💻🐻🎉☀️
[2025-08-03 21:56:27] 🎉☀️🥑⚽️🍕🍺🌙🐶
[2025-08-03 21:56:27] 👍🧠🐨🍔🍓🎸👍🧠
[2025-08-03 21:56:27] 📚😂🙏💯🐼🍕🥰🤯
[2025-08-03 21:56:27] ❤️🌙🐻🐢💪🚀💻🐻
[2025-08-03 21:56:27] ⚽️😎🍺😀🌍🐱📚😂
[2025-08-03 21:56:27] 📚😂😴👍🥰🤯💪🚀
[2025-08-03 21:56:27] 🎉☀️🐢☕️😴👍🐢☕️
[2025-08-03 21:56:27] 🤔😭💪🚀🐼🍕💻🐻
[2025-08-03 21:56:27] 🎸🥰🤯🙏🦁🍓🦊🐸
[2025-08-03 21:56:27] 📚😂🎸🥰🚗🦊🍔📚
[2025-08-03 21:56:27] 💔🌍🥳👎👍🧠🥑⚽️
[2025-08-03 21:56:27] 📚😂👀🎉👎🔥🐶🐼
[2025-08-03 21:56:27] ⭐️✈️🐻🐢❤️🌙🧠❤️
[2025-08-03 21:56:27] 🐱🐨🌙🐶🐸🥑🌍🐱
[2025-08-03 21:56:27] 💯⭐️💯⭐️😀😴😎😡
[2025-08-03 21:56:27] 🏆🤔🌍🐱💪🚀👎🔥
[2025-08-03 21:56:27] 😭👀🐶🐼🐼🍕😭👀
[2025-08-03 21:56:27] 😂🥳❤️🌙🚗🦊🌙🐶
[2025-08-03 21:56:27] 🥰🤯👀🎉☕️🏆🎸🥰
[2025-08-03 21:56:27] 🍕🍺🦊🐸✨🚗🍔📚
[2025-08-03 21:56:27] 🥰🤯☀️💻🍕🍺🐼🍕
[2025-08-03 21:56:27] 🧠❤️💻🐻🐨🍔😀😴
[2025-08-03 21:56:27] 👎🔥👎🔥🍓🎸☀️💻
[2025-08-03 21:56:27] ☀️💻⚽️😎👀🎉🍺😀
[2025-08-03 21:56:27] 😡💪👍🧠🍺😀🥳👎
[2025-08-03 21:56:27] 🥰🤯🦁🍓🐸🥑🐱🐨
[2025-08-03 21:56:27] 👍🧠✨🚗🤔😭😭👀
[2025-08-03 21:56:27] 🚗🦊🥰🤯🐶🐼👍🧠
[2025-08-03 21:56:27] 💻🐻😂🥳📚😂💔🌍
[2025-08-03 21:56:27] 💪🚀💻🐻💻🐻👎🔥
[2025-08-03 21:56:27] 🦁🍓🍺😀⭐️✈️🚀✨
[2025-08-03 21:56:27] 🍓🎸🎉☀️🌙🐶🥰🤯
[2025-08-03 21:56:27] 💻🐻😎😡😴👍💯⭐️
[2025-08-03 21:56:27] 🍓🎸🦊🐸😎😡👍🧠
[2025-08-03 21:56:27] 👎🔥🦊🐸🥑⚽️✈️🐭
[2025-08-03 21:56:27] 🔥💔😀😴🐶🐼🧠❤️
[2025-08-03 21:56:27] 👎🔥🤔😭📚😂👍🧠
[2025-08-03 21:56:27] 🙏💯🔥💔🙏💯🌙🐶
[2025-08-03 21:56:27] 🐶🐼😂🥳😴👍🥰🤯
[2025-08-03 21:56:27] 🎸🥰💻🐻🚀✨😎😡
[2025-08-03 21:56:27] 😀😴🚀✨🐢☕️💯⭐️
[2025-08-03 21:56:27] 🚗🦊✨🚗🥳👎🔥💔
[2025-08-03 21:56:27] 🥰🤯🐭🦁🤯🙏😭👀
[2025-08-03 21:56:27] 🐼🍕🐸🥑🌍🐱🐢☕️
[2025-08-03 21:56:27] 😡💪😎😡🦊🐸🚗🦊
[2025-08-03 21:56:27] 🐨🍔🦊🐸🙏💯🥑⚽️
[2025-08-03 21:56:27] 🙏💯🚀✨🐨🍔🚀✨
[2025-08-03 21:56:27] 🐸🥑👎🔥✈️🐭☕️🏆
[2025-08-03 21:56:27] 🐻🐢😴👍💯⭐️🍺😀
[2025-08-03 21:56:27] 🍕🍺☕️🏆💪🚀🤔😭
[2025-08-03 21:56:27] 🍺😀💯⭐️🌍🐱🥑⚽️
[2025-08-03 21:56:27] 🐢☕️🤯🙏❤️🌙😴👍
[2025-08-03 21:56:27] ☀️💻🎉☀️🙏💯🥰🤯
[2025-08-03 21:56:27] 👀🎉😎😡📚😂🔥💔
[2025-08-03 21:56:27] 🚀✨🍔📚💯⭐️🤔😭
[2025-08-03 21:56:27] 🐻🐢🧠❤️🔥💔🎸🥰
[2025-08-03 21:56:27] 💯⭐️👎🔥🦊🐸☀️💻
[2025-08-03 21:56:27] 🚀✨🚗🦊😡💪🦊🐸
[2025-08-03 21:56:27] ⭐️✈️🌍🐱🐸🥑🍺😀
[2025-08-03 21:56:27] 🐭🦁👀🎉🥑⚽️📚😂
[2025-08-03 21:56:27] 👍🧠🙏💯🦊🐸🥳👎
[2025-08-03 21:56:27] ❤️🌙🍓🎸🔥💔📚😂
[2025-08-03 21:56:27] 💪🚀🥳👎🐶🐼🥰🤯
[2025-08-03 21:56:27] 🐶🐼🍕🍺☕️🏆😭👀
[2025-08-03 21:56:27] 💯⭐️🐢☕️🎸🥰🥰🤯
[2025-08-03 21:56:27] 👀🎉👎🔥🍔📚🌙🐶
[2025-08-03 21:56:27] 🍔📚👎🔥🥰🤯✨🚗
[2025-08-03 21:56:27] 🤔😭🦁🍓😡💪🤔😭
[2025-08-03 21:56:27] 😡💪🐢☕️✨🚗😎😡
[2025-08-03 21:56:27] 😂🥳😀😴❤️🌙🚀✨
[2025-08-03 21:56:27] 🍓🎸👍🧠🙏💯😂🥳
[2025-08-03 21:56:27] 🐻🐢✨🚗🚗🦊🐻🐢
[2025-08-03 21:56:27] ⭐️✈️🚀✨👀🎉🥰🤯
[2025-08-03 21:56:27] 🤔😭🐸🥑⚽️😎💪🚀
[2025-08-03 21:56:27] 🌙🐶🍔📚🐨🍔🐻🐢
[2025-08-03 21:56:27] ☕️🏆🐸🥑☕️🏆😀😴
[2025-08-03 21:56:27] 🚀✨🍔📚☕️🏆😴👍
[2025-08-03 21:56:27] 🐱🐨🥰🤯🍔📚🌙🐶
[2025-08-03 21:56:27] 🦊🐸🐱🐨🏆🤔🍔📚
[2025-08-03 21:56:27] 🐭🦁😭👀🌙🐶🐶🐼
[2025-08-03 21:56:27] 🚗🦊🎉☀️🦊🐸🐢☕️
[2025-08-03 21:56:27] 🐻🐢🌍🐱🙏💯😭👀
[2025-08-03 21:56:27] 🐨🍔🌍🐱🎉☀️👀🎉
[2025-08-03 21:56:27] 💪🚀🦁🍓👎🔥🎸🥰
[2025-08-03 21:56:27] 🐱🐨🍓🎸🥳👎✈️🐭
[2025-08-03 21:56:27] 🚗🦊🐻🐢🚀✨🍔📚
[2025-08-03 21:56:27] 🐱🐨🦊🐸👎🔥🏆🤔
[2025-08-03 21:56:27] 🤔😭🥳👎🐻🐢🍓🎸
[2025-08-03 21:56:27] 😎😡🐢☕️⚽️😎👍🧠
[2025-08-03 21:56:27] 🍔📚🐼🍕😎😡💯⭐️
[2025-08-03 21:56:27] 👎🔥🚗🦊👎🔥🔥💔
[2025-08-03 21:56:27] 🧠❤️🐼🍕🐶🐼💯⭐️
[2025-08-03 21:56:27] 👀🎉💯⭐️💻🐻🐱🐨
[2025-08-03 21:56:27] 👀🎉✨🚗🌙🐶👎🔥
[2025-08-03 21:56:27] 📚😂🤯🙏😭👀🍓🎸
[2025-08-03 21:56:27] 🐻🐢🎸🥰🥑⚽️🤔😭
[2025-08-03 21:56:27] ☀️💻🐢☕️🎉☀️🐶🐼
[2025-08-03 21:56:27] 🐱🐨🎸🥰🌙🐶🐢☕️
[2025-08-03 21:56:27] 🚗🦊💪🚀🎉☀️🚀✨
[2025-08-03 21:56:27] 🤔😭🏆🤔🌙🐶🔥💔
[2025-08-03 21:56:27] 💻🐻✨🚗🏆🤔🐱🐨
[2025-08-03 21:56:27] ✨🚗⚽️😎🐭🦁👍🧠
[2025-08-03 21:56:27] 🔥💔🦊🐸🌙🐶🤔😭
[2025-08-03 21:56:27] 🚗🦊🐨🍔😂🥳🧠❤️
[2025-08-03 21:56:27] 🦊🐸🐢☕️🐢☕️👍🧠
[2025-08-03 21:56:27] 💻🐻👎🔥😀😴😡💪
[2025-08-03 21:56:27] 🍓🎸✨🚗🍔📚🍕🍺
[2025-08-03 21:56:27] 🐶🐼🌙🐶😡💪🏆🤔
[2025-08-03 21:56:27] 🌍🐱✨🚗⚽️😎😭👀
[2025-08-03 21:56:27] 💔🌍💯⭐️😎😡🚀✨
[2025-08-03 21:56:27] ✈️🐭🎸🥰😎😡😂🥳
[2025-08-03 21:56:27] 👀🎉🍓🎸🥰🤯🏆🤔
[2025-08-03 21:56:27] 🦁🍓🐱🐨🍕🍺😡💪
[2025-08-03 21:56:27] 🦊🐸😴👍🏆🤔😀😴
[2025-08-03 21:56:27] 🧠❤️👀🎉💔🌍🤔😭
[2025-08-03 21:56:27] 💪🚀🥑⚽️🔥💔🍔📚
[2025-08-03 21:56:27] 🥰🤯🍺😀🥑⚽️🐱🐨
[2025-08-03 21:56:27] 👀🎉🐭🦁☕️🏆🐨🍔
[2025-08-03 21:56:27] 🔥💔💪🚀🐨🍔🤔😭
[2025-08-03 21:56:27] 😡💪💔🌍🐶🐼💻🐻
[2025-08-03 21:56:27] 😴👍🦁🍓🐢☕️🎉☀️
[2025-08-03 21:56:27] 🍺😀👍🧠🐨🍔🐨🍔
[2025-08-03 21:56:27] 🚗🦊🍕🍺🧠❤️☕️🏆
[2025-08-03 21:56:27] ⚽️😎😎😡🦁🍓🍔📚
[2025-08-03 21:56:27] ⭐️✈️🌍🐱🍺😀🐭🦁
[2025-08-03 21:56:27] 😎😡🙏💯🎸🥰😡💪
[2025-08-03 21:56:27] 👎🔥🧠❤️🐶🐼☕️🏆
[2025-08-03 21:56:27] 🥰🤯📚😂💻🐻📚😂
[2025-08-03 21:56:27] 🍓🎸🙏💯🍺😀🔥💔
[2025-08-03 21:56:27] ✨🚗👍🧠🥳👎🦊🐸
[2025-08-03 21:56:27] 😀😴🐱🐨😂🥳🚗🦊
[2025-08-03 21:56:27] 🦁🍓🌍🐱🌙🐶🥳👎
[2025-08-03 21:56:27] 😭👀🚀✨🌙🐶🐨🍔
[2025-08-03 21:56:27] 🎉☀️⭐️✈️🚀✨👍🧠
[2025-08-03 21:56:27] 🍕🍺☕️🏆😀😴👎🔥
[2025-08-03 21:56:27] 🍓🎸🐨🍔😎😡✨🚗
[2025-08-03 21:56:27] ✈️🐭🐸🥑😡💪💔🌍
[2025-08-03 21:56:27] ❤️🌙💪🚀🌙🐶🍕🍺
[2025-08-03 21:56:27] 🎉☀️🐱🐨😡💪🤯🙏
[2025-08-03 21:56:27] 😭👀😂🥳🍺😀🤯🙏
[2025-08-03 21:56:27] ⚽️😎🚗🦊😴👍✈️🐭
[2025-08-03 21:56:27] 🔥💔🙏💯🎉☀️🐢☕️
[2025-08-03 21:56:27] 💻🐻🐶🐼🐸🥑🏆🤔
[2025-08-03 21:56:27] 💔🌍🦊🐸☀️💻🙏💯
[2025-08-03 21:56:27] 🤔😭☀️💻💔🌍🏆🤔
[2025-08-03 21:56:27] ✈️🐭🙏💯🦊🐸🔥💔
[2025-08-03 21:56:27] ❤️🌙🚀✨🤯🙏💻🐻
[2025-08-03 21:56:27] 🙏💯🍺😀✈️🐭👍🧠
[2025-08-03 21:56:27] 🐸🥑☀️💻🍕🍺🤯🙏
[2025-08-03 21:56:27] 🔥💔👍🧠⭐️✈️🧠❤️
[2025-08-03 21:56:27] 🦊🐸🐶🐼✈️🐭🍔📚
[2025-08-03 21:56:27] 🐭🦁❤️🌙🎸🥰😎😡
[2025-08-03 21:56:27] 💔🌍⭐️✈️🤯🙏🐢☕️
[2025-08-03 21:56:27] 🐸🥑🎸🥰🌍🐱🐶🐼
[2025-08-03 21:56:27] 🥰🤯🐭🦁🚀✨🐢☕️
[2025-08-03 21:56:27] 🤔😭🥳👎✨🚗😭👀
[2025-08-03 21:56:27] 🌍🐱🌙🐶💔🌍🍺😀
[2025-08-03 21:56:27] 👎🔥💻🐻🍺😀👎🔥
[2025-08-03 21:56:27] 🧠❤️🐱🐨🧠❤️😎😡
[2025-08-03 21:56:27] 🏆🤔⚽️😎💪🚀🐢☕️
[2025-08-03 21:56:27] 🌙🐶🚀✨🍺😀🍓🎸
[2025-08-03 21:56:27] 🥑⚽️🐭🦁🎉☀️⭐️✈️
[2025-08-03 21:56:27] 🐼🍕😎😡💻🐻🥰🤯
[2025-08-03 21:56:27] 👍🧠🥑⚽️🐸🥑🙏💯
[2025-08-03 21:56:27] 🐸🥑🥑⚽️✈️🐭🥑⚽️
[2025-08-03 21:56:27] ⭐️✈️💻🐻🐶🐼🐸🥑
[2025-08-03 21:56:27] 🐸🥑🙏💯😭👀😎😡
[2025-08-03 21:56:27] ☕️🏆💔🌍🦁🍓🍔📚
[2025-08-03 21:56:27] ✈️🐭🤯🙏🐼🍕🐨🍔
[2025-08-03 21:56:27] 🧠❤️💪🚀🌍🐱😎😡
[2025-08-03 21:56:27] 🎸🥰🍺😀💻🐻😡💪
[2025-08-03 21:56:27] 😀😴🐭🦁🥑⚽️🐸🥑
[2025-08-03 21:56:27] ☀️💻🦊🐸🤔😭😴👍
[2025-08-03 21:56:27] 🚗🦊😂🥳🍕🍺🐻🐢
[2025-08-03 21:56:27] 🐸🥑🐻🐢✨🚗🧠❤️
[2025-08-03 21:56:27] 🎸🥰🚀✨🍓🎸🏆🤔
[2025-08-03 21:56:27] 🐻🐢🏆🤔🦁🍓❤️🌙
[2025-08-03 21:56:27] 💯⭐️💔🌍😂🥳🥑⚽️
[2025-08-03 21:56:27] 🏆🤔🚀✨💔🌍🐱🐨
[2025-08-03 21:56:27] 🥑⚽️✈️🐭👍🧠⚽️😎
[2025-08-03 21:56:27] 🍓🎸🥰🤯🙏💯🌍🐱
[2025-08-03 21:56:27] 👀🎉😴👍🚀✨🐨🍔
[2025-08-03 21:56:27] 🍔📚❤️🌙🐼🍕🐼🍕
[2025-08-03 21:56:27] 🥳👎🐨🍔🐨🍔🐸🥑
[2025-08-03 21:56:27] 🌍🐱🦊🐸🤔😭👍🧠
[2025-08-03 21:56:27] 🏆🤔🍺😀⚽️😎🌙🐶
[2025-08-03 21:56:27] 🐸🥑🍕🍺😡💪💻🐻
[2025-08-03 21:56:27] 🍓🎸❤️🌙🐻🐢🏆🤔
[2025-08-03 21:56:27] ✈️🐭🥳👎🥳👎💻🐻
[2025-08-03 21:56:27] ✨🚗✈️🐭🐸🥑🎸🥰
[2025-08-03 21:56:27] 🐢☕️🐭🦁🐱🐨🚗🦊
[2025-08-03 21:56:27] 😭👀🎉☀️😡💪🎉☀️
[2025-08-03 21:56:27] 🐶🐼💻🐻📚😂🥰🤯
[2025-08-03 21:56:27] 🐼🍕😡💪🥳👎🥰🤯
[2025-08-03 21:56:27] 🐱🐨🙏💯🐢☕️👎🔥
[2025-08-03 21:56:27] 🎸🥰😀😴🥳👎🎸🥰
[2025-08-03 21:56:27] 🚗🦊🦊🐸🦊🐸🐢☕️
[2025-08-03 21:56:27] 🥳👎🙏💯😎😡😀😴
[2025-08-03 21:56:27] 🦊🐸😭👀🚀✨🏆🤔
[2025-08-03 21:56:27] ❤️🌙🍺😀🧠❤️🌍🐱
[2025-08-03 21:56:27] 🍔📚🐸🥑✨🚗😂🥳
[2025-08-03 21:56:27] ⭐️✈️👍🧠🍓🎸🐭🦁
[2025-08-03 21:56:27] 💪🚀🐭🦁🍺😀⭐️✈️
[2025-08-03 21:56:27] 🏆🤔⭐️✈️🤯🙏🐱🐨
[2025-08-03 21:56:27] 😭👀🎸🥰💻🐻🍕🍺
[2025-08-03 21:56:27] 🤔😭⭐️✈️🥰🤯🐻🐢
[2025-08-03 21:56:27] 😂🥳🐶🐼🍕🍺🧠❤️
[2025-08-03 21:56:27] 📚😂🐶🐼😀😴🐨🍔
[2025-08-03 21:56:27] 🐻🐢😂🥳🐱🐨🍓🎸
[2025-08-03 21:56:27] 😀😴💯⭐️😭👀🎉☀️
[2025-08-03 21:56:27] 🐶🐼🏆🤔✈️🐭😡💪
[2025-08-03 21:56:27] 🚗🦊📚😂🐨🍔🍕🍺
[2025-08-03 21:56:27] 🌙🐶😡💪🐱🐨🥳👎
[2025-08-03 21:56:27] ⚽️😎🥰🤯🍕🍺😎😡
[2025-08-03 21:56:27] 😴👍💪🚀🎉☀️🌙🐶
[2025-08-03 21:56:27] 🚀✨🤯🙏👀🎉🤔😭
[2025-08-03 21:56:27] 🔥💔🐱🐨⚽️😎🍓🎸
[2025-08-03 21:56:27] 🌙🐶🐭🦁💯⭐️🐸🥑
[2025-08-03 21:56:27] 🌙🐶📚😂🚀✨🌙🐶
[2025-08-03 21:56:27] 🚀✨💯⭐️🏆🤔🐼🍕
[2025-08-03 21:56:27] ✨🚗🎉☀️🍓🎸🎸🥰
[2025-08-03 21:56:27] 🐱🐨🐭🦁🦊🐸🐱🐨
[2025-08-03 21:56:27] 🙏💯🏆🤔🥰🤯☕️🏆
[2025-08-03 21:56:27] 👎🔥💪🚀🦁🍓🍔📚
[2025-08-03 21:56:27] 📚😂🍔📚💻🐻✈️🐭
[2025-08-03 21:56:27] 💪🚀👍🧠💯⭐️🐱🐨
[2025-08-03 21:56:27] 🐱🐨🌙🐶🔥💔🎉☀️
[2025-08-03 21:56:27] 🚀✨🏆🤔🤯🙏🎉☀️
[2025-08-03 21:56:27] 🏆🤔☀️💻🐢☕️🦁🍓
[2025-08-03 21:56:27] 💻🐻🌍🐱🐭🦁👎🔥
[2025-08-03 21:56:27] 🍓🎸🥰🤯🚀✨🏆🤔
[2025-08-03 21:56:27] 🍺😀🎸🥰🔥💔🎸🥰
[2025-08-03 21:56:27] 🔥💔🚀✨😀😴🙏💯
[2025-08-03 21:56:27] ☕️🏆🦊🐸⭐️✈️😡💪
[2025-08-03 21:56:27] 🎸🥰🐻🐢🐨🍔💯⭐️
[2025-08-03 21:56:27] 🥑⚽️🎸🥰🤯🙏🚗🦊
[2025-08-03 21:56:27] 😎😡💻🐻⭐️✈️🥰🤯
[2025-08-03 21:56:27] 😭👀😴👍🧠❤️📚😂
[2025-08-03 21:56:27] 💪🚀😀😴🐼🍕🐢☕️
[2025-08-03 21:56:27] ✈️🐭⭐️✈️🐻🐢👎🔥
[2025-08-03 21:56:27] 🥰🤯👀🎉⭐️✈️🤯🙏
[2025-08-03 21:56:27] 💔🌍😭👀🤔😭🚀✨
[2025-08-03 21:56:27] 🚀✨🍓🎸🐼🍕🐻🐢
[2025-08-03 21:56:27] ✨🚗🥳👎🐨🍔🎉☀️
[2025-08-03 21:56:27] 🚗🦊🥑⚽️✨🚗📚😂
[2025-08-03 21:56:27] 🥑⚽️⭐️✈️🍺😀😭👀
[2025-08-03 21:56:27] 🌍🐱🏆🤔🙏💯💯⭐️
[2025-08-03 21:56:27] 😂🥳😴👍☕️🏆🐻🐢
[2025-08-03 21:56:27] 🥑⚽️🐨🍔🍓🎸🧠❤️
[2025-08-03 21:56:27] 💔🌍🍕🍺❤️🌙🎉☀️
[2025-08-03 21:56:27] ❤️🌙⭐️✈️🤔😭☀️💻
[2025-08-03 21:56:27] 💪🚀🌍🐱✨🚗⭐️✈️
[2025-08-03 21:56:27] 😎😡🐢☕️🌙🐶📚😂
[2025-08-03 21:56:27] 📚😂😭👀🐱🐨🏆🤔
[2025-08-03 21:56:27] 💪🚀💔🌍✈️🐭🏆🤔
[2025-08-03 21:56:27] ✨🚗😀😴💪🚀🐢☕️
[2025-08-03 21:56:27] 🥳👎🐶🐼😎😡🙏💯
[2025-08-03 21:56:27] 😴👍🚀✨🚗🦊✨🚗
[2025-08-03 21:56:27] 💪🚀🌙🐶🧠❤️❤️🌙
[2025-08-03 21:56:27] 💻🐻🎸🥰😀😴😭👀
[2025-08-03 21:56:27] 🥰🤯😂🥳😂🥳🤯🙏
[2025-08-03 21:56:27] ☕️🏆😀😴🐸🥑☀️💻
[2025-08-03 21:56:27] 🍕🍺✨🚗🍓🎸😀😴
[2025-08-03 21:56:27] 🧠❤️🙏💯🍔📚🐭🦁
[2025-08-03 21:56:27] ✨🚗😡💪🤯🙏🦊🐸
[2025-08-03 21:56:27] 🚗🦊🍔📚🔥💔🥑⚽️
[2025-08-03 21:56:27] 🥰🤯☕️🏆🥰🤯⭐️✈️
[2025-08-03 21:56:27] ⚽️😎🐸🥑❤️🌙✈️🐭
[2025-08-03 21:56:27] 🐶🐼💯⭐️🧠❤️🐶🐼
[2025-08-03 21:56:27] 🥳👎👍🧠🐢☕️🚀✨
[2025-08-03 21:56:27] 🔥💔😎😡✈️🐭📚😂
[2025-08-03 21:56:27] 🍕🍺💪🚀✨🚗🥳👎
[2025-08-03 21:56:27] ☕️🏆🔥💔🏆🤔😡💪
[2025-08-03 21:56:27] ⚽️😎☀️💻🥳👎🦊🐸
[2025-08-03 21:56:27] 🍕🍺😎😡☀️💻✨🚗
[2025-08-03 21:56:27] 🏆🤔💪🚀🍕🍺🐼🍕
[2025-08-03 21:56:27] 🍓🎸🏆🤔🌙🐶🔥💔
[2025-08-03 21:56:27] ✈️🐭🏆🤔🍕🍺🤯🙏
[2025-08-03 21:56:27] 🍓🎸😭👀💯⭐️🦊🐸
[2025-08-03 21:56:27] 🌍🐱🐼🍕🍕🍺🐻🐢
[2025-08-03 21:56:27] 🥑⚽️🐢☕️👎🔥🥰🤯
[2025-08-03 21:56:27] 👍🧠👍🧠🏆🤔☕️🏆
[2025-08-03 21:56:27] 🦊🐸🎸🥰🥑⚽️⚽️😎
[2025-08-03 21:56:27] 🦁🍓☀️💻🐻🐢✨🚗
[2025-08-03 21:56:27] ✈️🐭👍🧠🦁🍓🎉☀️
[2025-08-03 21:56:27] 🐢☕️🍕🍺🐢☕️🤯🙏
[2025-08-03 21:56:27] 😴👍☀️💻💔🌍😀😴
[2025-08-03 21:56:27] 💔🌍🚀✨🌍🐱🥑⚽️
[2025-08-03 21:56:27] 🍔📚🚀✨🐼🍕☕️🏆
[2025-08-03 21:56:27] 🍔📚✈️🐭⚽️😎🐨🍔
[2025-08-03 21:56:27] ⚽️😎😎😡😂🥳🍓🎸
[2025-08-03 21:56:27] ❤️🌙❤️🌙😂🥳🧠❤️
[2025-08-03 21:56:27] 🤔😭🍕🍺🔥💔🎉☀️
[2025-08-03 21:56:27] 🐸🥑🧠❤️🐶🐼🍺😀
[2025-08-03 21:56:27] ☀️💻👍🧠😀😴🚗🦊
[2025-08-03 21:56:27] 🥳👎🐸🥑💯⭐️👍🧠
[2025-08-03 21:56:27] 🥰🤯🌍🐱🌙🐶🐢☕️
[2025-08-03 21:56:27] 😂🥳😎😡📚😂⚽️😎
[2025-08-03 21:56:27] ✈️🐭📚😂💪🚀🦁🍓
[2025-08-03 21:56:27] 👀🎉💪🚀🤯🙏💻🐻
[2025-08-03 21:56:27] 💪🚀🐼🍕🥳👎🍺😀
[2025-08-03 21:56:27] 🥑⚽️🐱🐨🥰🤯🍺😀
[2025-08-03 21:56:27] 😴👍👀🎉🧠❤️😂🥳
[2025-08-03 21:56:27] 🙏💯🥰🤯🚀✨🐼🍕
[2025-08-03 21:56:27] 🍓🎸🏆🤔🐻🐢⚽️😎
[2025-08-03 21:56:27] 🥳👎🐻🐢⚽️😎🐸🥑
[2025-08-03 21:56:27] 👍🧠⭐️✈️🌙🐶🍔📚
[2025-08-03 21:56:27] 💪🚀🧠❤️🤯🙏🚀✨
[2025-08-03 21:56:27] 🎉☀️🦁🍓😂🥳😀😴
[2025-08-03 21:56:27] 🍔📚🏆🤔🦊🐸🙏💯
[2025-08-03 21:56:27] 🌙🐶🌙🐶😎😡🥳👎
[2025-08-03 21:56:27] 🎸🥰😡💪😎😡🐻🐢
[2025-08-03 21:56:27] 🐼🍕✨🚗👀🎉🌙🐶
[2025-08-03 21:56:27] 🐱🐨🥳👎🐻🐢😴👍
[2025-08-03 21:56:27] 🍔📚🧠❤️🍺😀🤔😭
[2025-08-03 21:56:27] ✨🚗🚀✨🥰🤯🤔😭
[2025-08-03 21:56:27] 🎸🥰🥳👎⭐️✈️🍕🍺
[2025-08-03 21:56:27] 🐨🍔🐭🦁🐱🐨⚽️😎
[2025-08-03 21:56:27] ⭐️✈️🎸🥰💻🐻☕️🏆
[2025-08-03 21:56:27] 🐭🦁❤️🌙🚗🦊🐸🥑
[2025-08-03 21:56:27] 🍺😀🍔📚👀🎉🐸🥑
[2025-08-03 21:56:27] 🥳👎👀🎉🤯🙏🐭🦁
[2025-08-03 21:56:27] ☀️💻🤔😭💯⭐️🐶🐼
[2025-08-03 21:56:27] 👍🧠🏆🤔🍕🍺🥑⚽️
[2025-08-03 21:56:27] 🌙🐶🍺😀🥳👎🐭🦁
[2025-08-03 21:56:27] 🐻🐢🎉☀️🙏💯🌍🐱
[2025-08-03 21:56:27] 🤔😭🐢☕️☀️💻🍕🍺
[2025-08-03 21:56:27] 🥑⚽️🍔📚🍔📚🍕🍺
[2025-08-03 21:56:27] 💯⭐️⚽️😎🍓🎸🙏💯
[2025-08-03 21:56:27] 😭👀👍🧠⚽️😎😡💪
[2025-08-03 21:56:27] 🐶🐼⭐️✈️🎸🥰🐢☕️
[2025-08-03 21:56:27] 🚀✨💻🐻☕️🏆🐻🐢
[2025-08-03 21:56:27] 🥳👎⚽️😎🦊🐸😡💪
[2025-08-03 21:56:27] 🍺😀🍔📚🐻🐢🌙🐶
[2025-08-03 21:56:27] 🥰🤯😂🥳🥑⚽️⚽️😎
