
[2025-08-03 21:54:25] --- Session Start: Generating 1000 strings with style 1 ---
[2025-08-03 21:54:25] KLHZLYHI
[2025-08-03 21:54:25] YYHHKHTW
[2025-08-03 21:54:25] ZUQTAYUG
[2025-08-03 21:54:25] XCRSIHXV
[2025-08-03 21:54:25] JNHJINSG
[2025-08-03 21:54:25] ZRKJWRBJ
[2025-08-03 21:54:25] VTLGOAYH
[2025-08-03 21:54:25] HSBMZLCW
[2025-08-03 21:54:25] CTAJJCQY
[2025-08-03 21:54:25] PBRRNVBP
[2025-08-03 21:54:25] QPJNTLQB
[2025-08-03 21:54:25] MNWLSPNR
[2025-08-03 21:54:25] WPKZTEQX
[2025-08-03 21:54:25] KIZSVKFL
[2025-08-03 21:54:25] APJUTKHC
[2025-08-03 21:54:25] LQMVWPFJ
[2025-08-03 21:54:25] QOFOFSOP
[2025-08-03 21:54:25] LZOYWXYB
[2025-08-03 21:54:25] WIPAJQBX
[2025-08-03 21:54:25] IZPALFCM
[2025-08-03 21:54:25] ULWEZACU
[2025-08-03 21:54:25] OCZSRQEL
[2025-08-03 21:54:25] CTRVONSC
[2025-08-03 21:54:25] YOWNOSIO
[2025-08-03 21:54:25] ALDGDBEB
[2025-08-03 21:54:25] OBXMAZCB
[2025-08-03 21:54:25] CYFZMGYT
[2025-08-03 21:54:25] TMCFDKVY
[2025-08-03 21:54:25] SDXCJAMV
[2025-08-03 21:54:25] ACEXFYXY
[2025-08-03 21:54:25] RKPHVEYD
[2025-08-03 21:54:25] QDWKZSKB
[2025-08-03 21:54:25] FZBCGTZN
[2025-08-03 21:54:25] WKBARWBD
[2025-08-03 21:54:25] NATYYMME
[2025-08-03 21:54:25] LRHDORGB
[2025-08-03 21:54:25] JCHBWLMT
[2025-08-03 21:54:25] FSMCPCJM
[2025-08-03 21:54:25] BBBSNNLD
[2025-08-03 21:54:25] JZEIKNWV
[2025-08-03 21:54:25] QTBEFOAI
[2025-08-03 21:54:25] KABZBCZT
[2025-08-03 21:54:25] GMWUITQK
[2025-08-03 21:54:25] VVMPATQC
[2025-08-03 21:54:25] BCBODDHO
[2025-08-03 21:54:25] AGOODHIO
[2025-08-03 21:54:25] IOIEHOFE
[2025-08-03 21:54:25] ECEDOGAA
[2025-08-03 21:54:25] IBHHGFIB
[2025-08-03 21:54:25] CGOADDDI
[2025-08-03 21:54:25] BBEFEAOC
[2025-08-03 21:54:25] OODDDGHF
[2025-08-03 21:54:25] SEZSXOTV
[2025-08-03 21:54:25] YSIWBOFQ
[2025-08-03 21:54:25] ZQGTRICQ
[2025-08-03 21:54:25] JTCHRBXS
[2025-08-03 21:54:25] MTOOWUCH
[2025-08-03 21:54:25] IMVCKYXE
[2025-08-03 21:54:25] TPSPKVGV
[2025-08-03 21:54:25] XOTBGMTJ
[2025-08-03 21:54:25] ANQWUMAQ
[2025-08-03 21:54:25] MUMHAONS
[2025-08-03 21:54:25] DSZGAJGP
[2025-08-03 21:54:25] MTRYTGED
[2025-08-03 21:54:25] VQDKHBBF
[2025-08-03 21:54:25] FRCNRTBB
[2025-08-03 21:54:25] ATDCQATK
[2025-08-03 21:54:25] WSJREFPZ
[2025-08-03 21:54:25] CTSLHLLU
[2025-08-03 21:54:25] GBNGKQZC
[2025-08-03 21:54:25] VHMBOZLE
[2025-08-03 21:54:25] GMCKGSHW
[2025-08-03 21:54:25] OXYWRNEG
[2025-08-03 21:54:25] ZMAYRBFL
[2025-08-03 21:54:25] BBXBWCPE
[2025-08-03 21:54:25] MPJPABSZ
[2025-08-03 21:54:25] XTPGVVWK
[2025-08-03 21:54:25] SQBPHJUN
[2025-08-03 21:54:25] HGBEULEJ
[2025-08-03 21:54:25] OIMVSPRN
[2025-08-03 21:54:25] MYWTATTH
[2025-08-03 21:54:25] PEUNDTNU
[2025-08-03 21:54:25] GMCOWYXV
[2025-08-03 21:54:25] JGQQBJZO
[2025-08-03 21:54:25] UAOLNJYD
[2025-08-03 21:54:25] PRTHPDYW
[2025-08-03 21:54:25] QEOYFNTO
[2025-08-03 21:54:25] TPZFBBNH
[2025-08-03 21:54:25] FODFLOJE
[2025-08-03 21:54:25] CXYIRYJP
[2025-08-03 21:54:25] BOXRRTAQ
[2025-08-03 21:54:25] KYAKWANA
[2025-08-03 21:54:25] FGIYCVYO
[2025-08-03 21:54:25] WBVJXWSM
[2025-08-03 21:54:25] MJSTAGSA
[2025-08-03 21:54:25] EYKJKFJW
[2025-08-03 21:54:25] OCNJCCKX
[2025-08-03 21:54:25] EXMIRFUR
[2025-08-03 21:54:25] UASBLJQY
[2025-08-03 21:54:25] HGFKAXUO
[2025-08-03 21:54:25] WNRPXVND
[2025-08-03 21:54:25] PGVWFLOG
[2025-08-03 21:54:25] WBXSVHWJ
[2025-08-03 21:54:25] XSBYGERG
[2025-08-03 21:54:25] ZTQXUJCC
[2025-08-03 21:54:25] IPGPNZGA
[2025-08-03 21:54:25] DYKJIBPW
[2025-08-03 21:54:25] VPDUQTNF
[2025-08-03 21:54:25] FLVHXTBW
[2025-08-03 21:54:25] ADQJSUEP
[2025-08-03 21:54:25] QVJYIYQO
[2025-08-03 21:54:25] YAHDNABG
[2025-08-03 21:54:25] TLWWHGBD
[2025-08-03 21:54:25] RSECAJIQ
[2025-08-03 21:54:25] IPUSSDXW
[2025-08-03 21:54:25] HHOOJBMM
[2025-08-03 21:54:25] POKNLKXM
[2025-08-03 21:54:25] KRPYGOWU
[2025-08-03 21:54:25] ABXFJBHT
[2025-08-03 21:54:25] QTSXQCGQ
[2025-08-03 21:54:25] ODXPPRST
[2025-08-03 21:54:25] DMICYIEB
[2025-08-03 21:54:25] EOWFMWXA
[2025-08-03 21:54:25] HDSIBKLY
[2025-08-03 21:54:25] KGTMIFEP
[2025-08-03 21:54:25] QIEMCBJK
[2025-08-03 21:54:25] OBYJXAOT
[2025-08-03 21:54:25] NJYSIYNP
[2025-08-03 21:54:25] AQLJVDVX
[2025-08-03 21:54:25] OGQVTSKC
[2025-08-03 21:54:25] NRZKTUVC
[2025-08-03 21:54:25] PBZNGXQI
[2025-08-03 21:54:25] HTAZAMZZ
[2025-08-03 21:54:25] KKZXZDWC
[2025-08-03 21:54:25] SVRHASJY
[2025-08-03 21:54:25] UAXCVFGR
[2025-08-03 21:54:25] MYBHMZPT
[2025-08-03 21:54:25] RRXWZUJN
[2025-08-03 21:54:25] HSZFLKTU
[2025-08-03 21:54:25] BNCUAISI
[2025-08-03 21:54:25] AHYTKCXL
[2025-08-03 21:54:25] BGYZECBP
[2025-08-03 21:54:25] VCSQQIMU
[2025-08-03 21:54:25] VUHTRKRH
[2025-08-03 21:54:25] BBYJPVYD
[2025-08-03 21:54:25] AZBBOKSR
[2025-08-03 21:54:25] NHVJGITM
[2025-08-03 21:54:25] JZGLWWLJ
[2025-08-03 21:54:25] YUMOFJQP
[2025-08-03 21:54:25] AXQZWVDF
[2025-08-03 21:54:25] RMVTXFRT
[2025-08-03 21:54:25] WBAEQJFM
[2025-08-03 21:54:25] UOOZCNBY
[2025-08-03 21:54:25] SATKVQFY
[2025-08-03 21:54:25] LCWCPCPS
[2025-08-03 21:54:25] BZKAQJEU
[2025-08-03 21:54:25] TOTXLSYK
[2025-08-03 21:54:25] CLFSQUFI
[2025-08-03 21:54:25] MSUOUHED
[2025-08-03 21:54:25] AYLISRVV
[2025-08-03 21:54:25] UTTHAGYZ
[2025-08-03 21:54:25] UGCOCAOC
[2025-08-03 21:54:25] LFHVKRZK
[2025-08-03 21:54:25] FXWIQXRC
[2025-08-03 21:54:25] ZHMTPIYG
[2025-08-03 21:54:25] HEMAYJOU
[2025-08-03 21:54:25] KJACGANV
[2025-08-03 21:54:25] VLLNGVCL
[2025-08-03 21:54:25] IVFRFMUS
[2025-08-03 21:54:25] NTWQJEZH
[2025-08-03 21:54:25] KNFOPMEQ
[2025-08-03 21:54:25] DPBQPKHT
[2025-08-03 21:54:25] YOKBTSUO
[2025-08-03 21:54:25] HDNQSQZS
[2025-08-03 21:54:25] NTHCLVYF
[2025-08-03 21:54:25] NPHRPWSU
[2025-08-03 21:54:25] OJNFCLNO
[2025-08-03 21:54:25] LXRNPMQU
[2025-08-03 21:54:25] OYWHHIHH
[2025-08-03 21:54:25] YNLVBCGK
[2025-08-03 21:54:25] NNANJZXR
[2025-08-03 21:54:25] EXPGRJPB
[2025-08-03 21:54:25] SEZXUQWK
[2025-08-03 21:54:25] JYHECEIO
[2025-08-03 21:54:25] HAINZQWH
[2025-08-03 21:54:25] ELKGRGVZ
[2025-08-03 21:54:25] YSCBPFQB
[2025-08-03 21:54:25] WMBLLWFI
[2025-08-03 21:54:25] MRYMTUIK
[2025-08-03 21:54:25] PBHCHBQL
[2025-08-03 21:54:25] OLDQZXDQ
[2025-08-03 21:54:25] ZCAYLIPR
[2025-08-03 21:54:25] ZNBQPPTX
[2025-08-03 21:54:25] ILZHEUMW
[2025-08-03 21:54:25] RQILJLMF
[2025-08-03 21:54:25] RJXOPQXI
[2025-08-03 21:54:25] YXNOOFXA
[2025-08-03 21:54:25] UBXOQRVA
[2025-08-03 21:54:25] JBYDKRCN
[2025-08-03 21:54:25] AEYWVOFI
[2025-08-03 21:54:25] WXTQILTF
[2025-08-03 21:54:25] UUTQVNDA
[2025-08-03 21:54:25] KKZWFULS
[2025-08-03 21:54:25] EIHSLMYW
[2025-08-03 21:54:25] OGRMRLMR
[2025-08-03 21:54:25] PALEJIRN
[2025-08-03 21:54:25] YMJHUKMQ
[2025-08-03 21:54:25] UBIESSPR
[2025-08-03 21:54:25] DTEDPIXY
[2025-08-03 21:54:25] JDBINLHH
[2025-08-03 21:54:25] BQVSLZNZ
[2025-08-03 21:54:25] TIRWFJDV
[2025-08-03 21:54:25] IVMJMUGA
[2025-08-03 21:54:25] UCQTOTVQ
[2025-08-03 21:54:25] OYERMOIZ
[2025-08-03 21:54:25] RXMYQBCT
[2025-08-03 21:54:25] JEIHJONF
[2025-08-03 21:54:25] DEWQOEUD
[2025-08-03 21:54:25] GCSYSTQZ
[2025-08-03 21:54:25] ERXUNPME
[2025-08-03 21:54:25] VIGQSURS
[2025-08-03 21:54:25] DKXIXMDC
[2025-08-03 21:54:25] SJDOGASJ
[2025-08-03 21:54:25] YOWRIDIH
[2025-08-03 21:54:25] JMMNURIL
[2025-08-03 21:54:25] NZAHFZDD
[2025-08-03 21:54:25] QJRBDYRE
[2025-08-03 21:54:25] SOJZHVAI
[2025-08-03 21:54:25] YGCZZTXM
[2025-08-03 21:54:25] QBJVRPZY
[2025-08-03 21:54:25] SZINVAGM
[2025-08-03 21:54:25] MPYTJUKL
[2025-08-03 21:54:25] DGWNJSLV
[2025-08-03 21:54:25] KGRVLGTU
[2025-08-03 21:54:25] XXDFFZOG
[2025-08-03 21:54:25] YVVUUVDL
[2025-08-03 21:54:25] DSZAHGIP
[2025-08-03 21:54:25] NWPKYRDY
[2025-08-03 21:54:25] WOJNBLDU
[2025-08-03 21:54:25] XAKWCRHS
[2025-08-03 21:54:25] ZFARFBMX
[2025-08-03 21:54:25] ITOUPGOE
[2025-08-03 21:54:25] ZWVLSCFW
[2025-08-03 21:54:25] YIWWFMQN
[2025-08-03 21:54:25] NJDJPZTS
[2025-08-03 21:54:25] KBOIDEQX
[2025-08-03 21:54:25] NCPERIYL
[2025-08-03 21:54:25] LILZTMUT
[2025-08-03 21:54:25] TOJFBRVP
[2025-08-03 21:54:25] GXOMDDQG
[2025-08-03 21:54:25] OZOMZYUQ
[2025-08-03 21:54:25] WCGMWULN
[2025-08-03 21:54:25] RJPJBSVR
[2025-08-03 21:54:25] ZREXDFBU
[2025-08-03 21:54:25] NMJZLTCH
[2025-08-03 21:54:25] FEHLJCWC
[2025-08-03 21:54:25] FNTKDMEZ
[2025-08-03 21:54:25] BLKSPFOI
[2025-08-03 21:54:25] GQCCOTMR
[2025-08-03 21:54:25] GWDCCVNN
[2025-08-03 21:54:25] JYEVRIOU
[2025-08-03 21:54:25] RUUPHLTF
[2025-08-03 21:54:25] XHIGUHVY
[2025-08-03 21:54:25] QQDYOKUU
[2025-08-03 21:54:25] ZSCDEABU
[2025-08-03 21:54:25] HDHACLLL
[2025-08-03 21:54:25] LAKXXQAD
[2025-08-03 21:54:25] PUCAYJGH
[2025-08-03 21:54:25] XZPDJFYD
[2025-08-03 21:54:25] TZZOFIUS
[2025-08-03 21:54:25] QMCZUGQF
[2025-08-03 21:54:25] KZBIXXYB
[2025-08-03 21:54:25] LFUXFUCX
[2025-08-03 21:54:25] RVOGHMTE
[2025-08-03 21:54:25] ODIOGETM
[2025-08-03 21:54:25] DYHJLOCW
[2025-08-03 21:54:25] GUDPJDND
[2025-08-03 21:54:25] LVZZFWST
[2025-08-03 21:54:25] OLROHJMZ
[2025-08-03 21:54:25] QNPEBWRC
[2025-08-03 21:54:25] MLRGNSXM
[2025-08-03 21:54:25] BMXYCUYU
[2025-08-03 21:54:25] OTZMWWVE
[2025-08-03 21:54:25] VULQSGPM
[2025-08-03 21:54:25] GTSGTJBU
[2025-08-03 21:54:25] NIGTQXLF
[2025-08-03 21:54:25] XPTSHGVN
[2025-08-03 21:54:25] YFMROFXH
[2025-08-03 21:54:25] UCNALQKZ
[2025-08-03 21:54:25] NXIMOKPD
[2025-08-03 21:54:25] ZCKZKWGB
[2025-08-03 21:54:25] QCGNDPHA
[2025-08-03 21:54:25] JTMNAFWV
[2025-08-03 21:54:25] MVYXRFDN
[2025-08-03 21:54:25] EGZUYNKJ
[2025-08-03 21:54:25] PCZYYCEW
[2025-08-03 21:54:25] WVFNQLRO
[2025-08-03 21:54:25] JVANBCJK
[2025-08-03 21:54:25] BVECBCDO
[2025-08-03 21:54:25] JFNQRUWK
[2025-08-03 21:54:25] IRUIFUMO
[2025-08-03 21:54:25] PWTIPZDN
[2025-08-03 21:54:25] EUUHPLWH
[2025-08-03 21:54:25] BHNTTBES
[2025-08-03 21:54:25] TWLSYSKI
[2025-08-03 21:54:25] TYLVBJUK
[2025-08-03 21:54:25] NPUTNCQV
[2025-08-03 21:54:25] URBPJKCY
[2025-08-03 21:54:25] XYEJFHRM
[2025-08-03 21:54:25] EMSQNLIR
[2025-08-03 21:54:25] RDEOJPPF
[2025-08-03 21:54:25] UPRWVDUT
[2025-08-03 21:54:25] NMJOCNOR
[2025-08-03 21:54:25] XPYOUVSN
[2025-08-03 21:54:25] GGLRXZOD
[2025-08-03 21:54:25] XLLMEKID
[2025-08-03 21:54:25] XGEJPKDU
[2025-08-03 21:54:25] VCQDCGCM
[2025-08-03 21:54:25] KKXRVYWN
[2025-08-03 21:54:25] MBTDICPQ
[2025-08-03 21:54:25] OEHOPGHV
[2025-08-03 21:54:25] YDSHMDNZ
[2025-08-03 21:54:25] TPZPNJYX
[2025-08-03 21:54:25] CAMPOOKQ
[2025-08-03 21:54:25] WHYJAZIH
[2025-08-03 21:54:25] MEMDBEMM
[2025-08-03 21:54:25] PKAHVJRX
[2025-08-03 21:54:25] ZWYNKYYE
[2025-08-03 21:54:25] KARBMNXZ
[2025-08-03 21:54:25] TZIIKMQB
[2025-08-03 21:54:25] QWWVPWFD
[2025-08-03 21:54:25] LSVDEEQQ
[2025-08-03 21:54:25] JGZKZUXJ
[2025-08-03 21:54:25] WTTENEBB
[2025-08-03 21:54:25] FOMIXOJB
[2025-08-03 21:54:25] KGVUWZLO
[2025-08-03 21:54:25] PAOSOMFP
[2025-08-03 21:54:25] FIAJGTIY
[2025-08-03 21:54:25] PVZRVDLQ
[2025-08-03 21:54:25] IOUSGPWV
[2025-08-03 21:54:25] NYPKOOOT
[2025-08-03 21:54:25] EEACPOWZ
[2025-08-03 21:54:25] VVRMBWJL
[2025-08-03 21:54:25] VXEIYZCZ
[2025-08-03 21:54:25] QUUMUAYJ
[2025-08-03 21:54:25] QRRBEUPG
[2025-08-03 21:54:25] VHQAPTHF
[2025-08-03 21:54:25] UMHPUHGD
[2025-08-03 21:54:25] WEBRYGXY
[2025-08-03 21:54:25] BTFMOAOT
[2025-08-03 21:54:25] PROQAUHR
[2025-08-03 21:54:25] UPQBZRMB
[2025-08-03 21:54:25] PRJCLION
[2025-08-03 21:54:25] UGYLNVUK
[2025-08-03 21:54:25] MVFFPUFC
[2025-08-03 21:54:25] MLEOBMKL
[2025-08-03 21:54:25] OXYOYRWL
[2025-08-03 21:54:25] NNRSDUAA
[2025-08-03 21:54:25] UCKWXKYD
[2025-08-03 21:54:25] CFLYZZXP
[2025-08-03 21:54:25] ODHJHBYP
[2025-08-03 21:54:25] SJSOWNXJ
[2025-08-03 21:54:25] JJBVMTOO
[2025-08-03 21:54:25] DOHSVMZC
[2025-08-03 21:54:25] QSTTIGJQ
[2025-08-03 21:54:25] BYOAWIBA
[2025-08-03 21:54:25] YSYDJDSI
[2025-08-03 21:54:25] OFFZFGNR
[2025-08-03 21:54:25] KCOXSPQW
[2025-08-03 21:54:25] TUQQTSTQ
[2025-08-03 21:54:25] YRRMDJIP
[2025-08-03 21:54:25] VGGWQJND
[2025-08-03 21:54:25] WAOSIWXN
[2025-08-03 21:54:25] PXBQVWUW
[2025-08-03 21:54:25] SWAKYMSO
[2025-08-03 21:54:25] USEZPAVL
[2025-08-03 21:54:25] DVZOKBTQ
[2025-08-03 21:54:25] PUFESIAN
[2025-08-03 21:54:25] HWOATWUK
[2025-08-03 21:54:25] SWZADHDE
[2025-08-03 21:54:25] DASTWOPP
[2025-08-03 21:54:25] FMSKTXJT
[2025-08-03 21:54:25] GGYIOSUS
[2025-08-03 21:54:25] PAYTKFQU
[2025-08-03 21:54:25] KQJJNEDY
[2025-08-03 21:54:25] QZITNDLV
[2025-08-03 21:54:25] VEXYFGVA
[2025-08-03 21:54:25] TOBGVQBR
[2025-08-03 21:54:25] PQFSFKUS
[2025-08-03 21:54:25] XIBGMBUK
[2025-08-03 21:54:25] MEDELMCB
[2025-08-03 21:54:25] AXOFDBPL
[2025-08-03 21:54:25] VAKTSXQV
[2025-08-03 21:54:25] HMWTJUCP
[2025-08-03 21:54:25] WUEPKVJR
[2025-08-03 21:54:25] OODMGRDZ
[2025-08-03 21:54:25] FEKKHSHL
[2025-08-03 21:54:25] OHSVFRAP
[2025-08-03 21:54:25] VOYOGPRH
[2025-08-03 21:54:25] IZKXBPTS
[2025-08-03 21:54:25] POUZOYGU
[2025-08-03 21:54:25] TCULIPJI
[2025-08-03 21:54:25] MSUXPYDU
[2025-08-03 21:54:25] IOKPWZQE
[2025-08-03 21:54:25] JIJOITHL
[2025-08-03 21:54:25] QEZXTQAG
[2025-08-03 21:54:25] PNSPDOLO
[2025-08-03 21:54:25] MKVCKDRO
[2025-08-03 21:54:25] CAQSHXHW
[2025-08-03 21:54:25] YUIPZNFV
[2025-08-03 21:54:25] HFMIZJYJ
[2025-08-03 21:54:25] NHGTHWPP
[2025-08-03 21:54:25] AWPBJTSK
[2025-08-03 21:54:25] PUZOCJQJ
[2025-08-03 21:54:25] OIOGBPTE
[2025-08-03 21:54:25] LRYSFXUP
[2025-08-03 21:54:25] NSZEFMFC
[2025-08-03 21:54:25] BJWLNNWG
[2025-08-03 21:54:25] PNTHSFJS
[2025-08-03 21:54:25] VAQENLPC
[2025-08-03 21:54:25] IIFABULV
[2025-08-03 21:54:25] QAGEMHFF
[2025-08-03 21:54:25] THXKDVXX
[2025-08-03 21:54:25] ONOURIOD
[2025-08-03 21:54:25] OOXUETIT
[2025-08-03 21:54:25] EGOAIPGK
[2025-08-03 21:54:25] QSKKPHCD
[2025-08-03 21:54:25] REOIYDJU
[2025-08-03 21:54:25] FLUYFQWO
[2025-08-03 21:54:25] XISUFXDF
[2025-08-03 21:54:25] LUWGNRJS
[2025-08-03 21:54:25] QVKHMARH
[2025-08-03 21:54:25] WXEIJECO
[2025-08-03 21:54:25] QAHAYYHD
[2025-08-03 21:54:25] KOPCFTXN
[2025-08-03 21:54:25] GZJAMQYW
[2025-08-03 21:54:25] BVQCQGWD
[2025-08-03 21:54:25] NBYFUYOQ
[2025-08-03 21:54:25] PQYJDSCA
[2025-08-03 21:54:25] BAIVLYVB
[2025-08-03 21:54:25] MIPBRPGD
[2025-08-03 21:54:25] JBWBHDZE
[2025-08-03 21:54:25] MGFRKXBY
[2025-08-03 21:54:25] COKVBTDC
[2025-08-03 21:54:25] JDZFCECQ
[2025-08-03 21:54:25] IHDIZZDQ
[2025-08-03 21:54:25] OUZKFTZZ
[2025-08-03 21:54:25] PQOENTTM
[2025-08-03 21:54:25] UNAHZRHZ
[2025-08-03 21:54:25] HRBPPVML
[2025-08-03 21:54:25] HZTXYEOX
[2025-08-03 21:54:25] DDDEVTMO
[2025-08-03 21:54:25] YOHBRZML
[2025-08-03 21:54:25] IFUWPTQZ
[2025-08-03 21:54:25] AGGWMDFS
[2025-08-03 21:54:25] DFSCULEG
[2025-08-03 21:54:25] LDFJIXEU
[2025-08-03 21:54:25] WTTANWNW
[2025-08-03 21:54:25] ZLSFZVHE
[2025-08-03 21:54:25] POWUCDEH
[2025-08-03 21:54:25] VEMKFBHQ
[2025-08-03 21:54:25] DLBRFNUS
[2025-08-03 21:54:25] BWVXYQIU
[2025-08-03 21:54:25] POBVARGU
[2025-08-03 21:54:25] LASIJXBM
[2025-08-03 21:54:25] KHJOGRUG
[2025-08-03 21:54:25] IRAKXKFC
[2025-08-03 21:54:25] FWCEVQVT
[2025-08-03 21:54:25] AGXCWLQV
[2025-08-03 21:54:25] TLIAEXKT
[2025-08-03 21:54:25] YTNHXYEH
[2025-08-03 21:54:25] XOFJLTAC
[2025-08-03 21:54:25] TWVLCBPM
[2025-08-03 21:54:25] PPVSOFDI
[2025-08-03 21:54:25] QDUCZOTQ
[2025-08-03 21:54:25] NUGOZNCS
[2025-08-03 21:54:25] XCPYUMYR
[2025-08-03 21:54:25] YVMVTPAC
[2025-08-03 21:54:25] WVFKATEV
[2025-08-03 21:54:25] PGQTBTJY
[2025-08-03 21:54:25] EUDSRRYY
[2025-08-03 21:54:25] TVEQZNLN
[2025-08-03 21:54:25] GGPDWNOO
[2025-08-03 21:54:25] NOASTWPQ
[2025-08-03 21:54:25] RDCDQKDK
[2025-08-03 21:54:25] TFQFAALL
[2025-08-03 21:54:25] TUTDUWLC
[2025-08-03 21:54:25] CSNUNBEK
[2025-08-03 21:54:25] RMHYTBPW
[2025-08-03 21:54:25] JVZJBIXQ
[2025-08-03 21:54:25] INVYORXM
[2025-08-03 21:54:25] YIDVKJWB
[2025-08-03 21:54:25] QXWRUBJK
[2025-08-03 21:54:25] DHHITLDJ
[2025-08-03 21:54:25] QXBGAYNR
[2025-08-03 21:54:25] XQMRZUJF
[2025-08-03 21:54:25] PZVIKTBA
[2025-08-03 21:54:25] SQJIHENT
[2025-08-03 21:54:25] ARBYKDIZ
[2025-08-03 21:54:25] IIRCTHEQ
[2025-08-03 21:54:25] IKUZWCRR
[2025-08-03 21:54:25] TSYDDNNL
[2025-08-03 21:54:25] EDFXBHOA
[2025-08-03 21:54:25] RIWNOGYA
[2025-08-03 21:54:25] HWQUGJDN
[2025-08-03 21:54:25] MBNTVTIM
[2025-08-03 21:54:25] KDXTFRYT
[2025-08-03 21:54:25] FZIVVMES
[2025-08-03 21:54:25] KAFRNCRH
[2025-08-03 21:54:25] AHZTWHCW
[2025-08-03 21:54:25] SDKJBCAE
[2025-08-03 21:54:25] QDWOZXGP
[2025-08-03 21:54:25] UTSPEMZS
[2025-08-03 21:54:25] JSUJTLKU
[2025-08-03 21:54:25] SZTWTHGB
[2025-08-03 21:54:25] LYODMSED
[2025-08-03 21:54:25] BSXAHXXS
[2025-08-03 21:54:25] PXOJCTQP
[2025-08-03 21:54:25] ZKXWILVY
[2025-08-03 21:54:25] NJQFQESS
[2025-08-03 21:54:25] PUPTNTLE
[2025-08-03 21:54:25] ZAGEJOHJ
[2025-08-03 21:54:25] UMAOFONX
[2025-08-03 21:54:25] HFYJIPTL
[2025-08-03 21:54:25] TZJOIXYL
[2025-08-03 21:54:25] AIQGCNIY
[2025-08-03 21:54:25] YFGIGANL
[2025-08-03 21:54:25] HEAJIGYS
[2025-08-03 21:54:25] URSAWBOR
[2025-08-03 21:54:25] XIJUVJXJ
[2025-08-03 21:54:25] ZHYPGOBJ
[2025-08-03 21:54:25] METBYBDO
[2025-08-03 21:54:25] DUDUKEJD
[2025-08-03 21:54:25] YUJEPBMV
[2025-08-03 21:54:25] ARDHAKJS
[2025-08-03 21:54:25] EIWEBCPJ
[2025-08-03 21:54:25] KVFZTMOZ
[2025-08-03 21:54:25] RLOLJBLD
[2025-08-03 21:54:25] QVGIALWV
[2025-08-03 21:54:25] NIXYGFGD
[2025-08-03 21:54:25] BIGZKMAQ
[2025-08-03 21:54:25] LXGTPWJE
[2025-08-03 21:54:25] KQXFQRQL
[2025-08-03 21:54:25] KCHNGNNP
[2025-08-03 21:54:25] GBPMNEMW
[2025-08-03 21:54:25] OARLJXAQ
[2025-08-03 21:54:25] UMZHRJAK
[2025-08-03 21:54:25] XJTLFKLH
[2025-08-03 21:54:25] IYQNFFSU
[2025-08-03 21:54:25] NSNDEJGZ
[2025-08-03 21:54:25] OEFCVQTP
[2025-08-03 21:54:25] DNCIZLNV
[2025-08-03 21:54:25] QSDZSWAW
[2025-08-03 21:54:25] YKCMZIMH
[2025-08-03 21:54:25] TAMQCWAK
[2025-08-03 21:54:25] ISEDXIET
[2025-08-03 21:54:25] IKVHOKJA
[2025-08-03 21:54:25] LHLOIYIX
[2025-08-03 21:54:25] MMQWDDBJ
[2025-08-03 21:54:25] VRZSMYDC
[2025-08-03 21:54:25] EUGTTPJA
[2025-08-03 21:54:25] EMHZHDNJ
[2025-08-03 21:54:25] DVPZJGGE
[2025-08-03 21:54:25] WVZMZJCN
[2025-08-03 21:54:25] EQDSVFXZ
[2025-08-03 21:54:25] HMOSOGBU
[2025-08-03 21:54:25] NIYJXYQB
[2025-08-03 21:54:25] WWDLGVIX
[2025-08-03 21:54:25] HAKVJRUE
[2025-08-03 21:54:25] XQUUEQAL
[2025-08-03 21:54:25] OEJWJTDH
[2025-08-03 21:54:25] GNHVHXCV
[2025-08-03 21:54:25] HWXJIWMA
[2025-08-03 21:54:25] RTQGDQEB
[2025-08-03 21:54:25] ILSUBBAO
[2025-08-03 21:54:25] VBKNBQSB
[2025-08-03 21:54:25] KMZWOINK
[2025-08-03 21:54:25] GIKCTRCK
[2025-08-03 21:54:25] RMHEEDDS
[2025-08-03 21:54:25] HLONOMYS
[2025-08-03 21:54:25] NZYUGSQV
[2025-08-03 21:54:25] XTJSJDJS
[2025-08-03 21:54:25] PCHFAVTS
[2025-08-03 21:54:25] AUZCRWMX
[2025-08-03 21:54:25] IISOQJTS
[2025-08-03 21:54:25] ADJFLQKY
[2025-08-03 21:54:25] SHXQVGNI
[2025-08-03 21:54:25] ZWIDWABQ
[2025-08-03 21:54:25] SEBMIPAO
[2025-08-03 21:54:25] DTYJYBDU
[2025-08-03 21:54:25] IPDVKNKX
[2025-08-03 21:54:25] HIMYACTA
[2025-08-03 21:54:25] AOXDXYHB
[2025-08-03 21:54:25] LPWTHVBO
[2025-08-03 21:54:25] GOFLTEPO
[2025-08-03 21:54:25] YMZXAOYI
[2025-08-03 21:54:25] XUUJYJHI
[2025-08-03 21:54:25] DWABZGHY
[2025-08-03 21:54:25] EWUFBEPS
[2025-08-03 21:54:25] SOXZFQOW
[2025-08-03 21:54:25] NGIGGOOR
[2025-08-03 21:54:25] PLVKZWLK
[2025-08-03 21:54:25] SFDCKDCY
[2025-08-03 21:54:25] OCLZUIEV
[2025-08-03 21:54:25] GFHKFDAT
[2025-08-03 21:54:25] ZSVVXTGQ
[2025-08-03 21:54:25] BQCUNIJB
[2025-08-03 21:54:25] DQSNAXQF
[2025-08-03 21:54:25] SDMABRME
[2025-08-03 21:54:25] TACFTYID
[2025-08-03 21:54:25] CLKIYBUC
[2025-08-03 21:54:25] ZJSGBPPR
[2025-08-03 21:54:25] PZSFSLJT
[2025-08-03 21:54:25] OVXBEQKZ
[2025-08-03 21:54:25] HAFVOFIG
[2025-08-03 21:54:25] JGRBVTHS
[2025-08-03 21:54:25] NVPSGBZK
[2025-08-03 21:54:25] HMEKUPIY
[2025-08-03 21:54:25] XQMPZTIC
[2025-08-03 21:54:25] HMENPZTJ
[2025-08-03 21:54:25] CTSFOXUP
[2025-08-03 21:54:25] DITYSWJO
[2025-08-03 21:54:25] ZZVOYFZJ
[2025-08-03 21:54:25] VYVEKPNC
[2025-08-03 21:54:25] GFLIKARM
[2025-08-03 21:54:25] GUSMTTOF
[2025-08-03 21:54:25] LVNRZXJX
[2025-08-03 21:54:25] DNJBSJEZ
[2025-08-03 21:54:25] YJTVBGWT
[2025-08-03 21:54:25] OCSHDRTW
[2025-08-03 21:54:25] WFQUHIMJ
[2025-08-03 21:54:25] XBPMVJTR
[2025-08-03 21:54:25] IBEHRKTK
[2025-08-03 21:54:25] UBSBDOAN
[2025-08-03 21:54:25] RLROBJTC
[2025-08-03 21:54:25] USKVQZGE
[2025-08-03 21:54:25] GMGGUZNF
[2025-08-03 21:54:25] SIRYNFQI
[2025-08-03 21:54:25] RZUUUPBG
[2025-08-03 21:54:25] QBRYBEXE
[2025-08-03 21:54:25] TNLXMKVK
[2025-08-03 21:54:25] KVOIIMKW
[2025-08-03 21:54:25] CUAIOIZE
[2025-08-03 21:54:25] MHYWBVQS
[2025-08-03 21:54:25] SVPDVKPL
[2025-08-03 21:54:25] LJVTOGFZ
[2025-08-03 21:54:25] CHRHXCAV
[2025-08-03 21:54:25] WBEJFXSO
[2025-08-03 21:54:25] SKTZIAXX
[2025-08-03 21:54:25] RJKMKLUP
[2025-08-03 21:54:25] UAGLNLSX
[2025-08-03 21:54:25] YNOFUGND
[2025-08-03 21:54:25] VPEUGIDQ
[2025-08-03 21:54:25] EZHMJUXQ
[2025-08-03 21:54:25] XSYTLBKZ
[2025-08-03 21:54:25] SDSYUCWU
[2025-08-03 21:54:25] VZMZFAKH
[2025-08-03 21:54:25] QRXIFPTV
[2025-08-03 21:54:25] HPFNCZGC
[2025-08-03 21:54:25] ZHHECNEG
[2025-08-03 21:54:25] YYWYZTAJ
[2025-08-03 21:54:25] VINIGNAR
[2025-08-03 21:54:25] AQYVLOPZ
[2025-08-03 21:54:25] AQEABZVG
[2025-08-03 21:54:25] AKMCTWWG
[2025-08-03 21:54:25] HQVPBCJU
[2025-08-03 21:54:25] PGQGIGJW
[2025-08-03 21:54:25] BCOISHON
[2025-08-03 21:54:25] XAXFUTIP
[2025-08-03 21:54:25] YGDQEBUU
[2025-08-03 21:54:25] DGEOIRVH
[2025-08-03 21:54:25] VXVEVMSS
[2025-08-03 21:54:25] NDPXHXUQ
[2025-08-03 21:54:25] QPREOLNP
[2025-08-03 21:54:25] NIXLRPTK
[2025-08-03 21:54:25] PDULOHGY
[2025-08-03 21:54:25] HWSASPEC
[2025-08-03 21:54:25] VOVZOYDK
[2025-08-03 21:54:25] JGEQSFKR
[2025-08-03 21:54:25] DHKBFVSX
[2025-08-03 21:54:25] IUPPFYPW
[2025-08-03 21:54:25] DSCQARMS
[2025-08-03 21:54:25] ZHSZVFLZ
[2025-08-03 21:54:25] VTQESMFL
[2025-08-03 21:54:25] WRSIPOFW
[2025-08-03 21:54:25] ELRQPSDC
[2025-08-03 21:54:25] TPPRGAOL
[2025-08-03 21:54:25] MGNNDDHN
[2025-08-03 21:54:25] RKKUHWLD
[2025-08-03 21:54:25] AXBEOFYG
[2025-08-03 21:54:25] RIYXYQSQ
[2025-08-03 21:54:25] SCTYIQVN
[2025-08-03 21:54:25] HILEWXLR
[2025-08-03 21:54:25] TMIWQJIR
[2025-08-03 21:54:25] GPQGYFFJ
[2025-08-03 21:54:25] LHDBBMWP
[2025-08-03 21:54:25] HJMSXKJT
[2025-08-03 21:54:25] TOFXADVF
[2025-08-03 21:54:25] DOMDOMPU
[2025-08-03 21:54:25] IJLPXTOP
[2025-08-03 21:54:25] ASRXROUU
[2025-08-03 21:54:25] YTIHWUCI
[2025-08-03 21:54:25] HCMIGBBF
[2025-08-03 21:54:25] FOCRMAYX
[2025-08-03 21:54:25] IJUMCIUP
[2025-08-03 21:54:25] CCFUSCYB
[2025-08-03 21:54:25] PVGADDCQ
[2025-08-03 21:54:25] OIVNCEGB
[2025-08-03 21:54:25] HSEXMPVL
[2025-08-03 21:54:25] XJQFNDBD
[2025-08-03 21:54:25] ATLJDQPQ
[2025-08-03 21:54:25] DLNVDMAO
[2025-08-03 21:54:25] VPQBYIMG
[2025-08-03 21:54:25] GJFADQYZ
[2025-08-03 21:54:25] DPYGNZWU
[2025-08-03 21:54:25] RZNWUFSU
[2025-08-03 21:54:25] OCDWGPFC
[2025-08-03 21:54:25] JHJXMLIX
[2025-08-03 21:54:25] UZRMZOLS
[2025-08-03 21:54:25] QESYCGKT
[2025-08-03 21:54:25] JHSKORLR
[2025-08-03 21:54:25] HYIBXTTD
[2025-08-03 21:54:25] MGIUOZHX
[2025-08-03 21:54:25] DTMJDCUF
[2025-08-03 21:54:25] ABSVTZSN
[2025-08-03 21:54:25] GTDBYNAU
[2025-08-03 21:54:25] WCPDBRJN
[2025-08-03 21:54:25] ZUNJKZNN
[2025-08-03 21:54:25] FCMYOLIX
[2025-08-03 21:54:25] IBASZUWT
[2025-08-03 21:54:25] AHZMSWDX
[2025-08-03 21:54:25] AZDZAQOG
[2025-08-03 21:54:25] UHTOAOCQ
[2025-08-03 21:54:25] RRLLIUMC
[2025-08-03 21:54:25] YVZEDZZF
[2025-08-03 21:54:25] MRLCMSUK
[2025-08-03 21:54:25] STLVNBME
[2025-08-03 21:54:25] ZCRONUCJ
[2025-08-03 21:54:25] JVKVDNDN
[2025-08-03 21:54:25] WRNXDPQV
[2025-08-03 21:54:25] YKEIWWQG
[2025-08-03 21:54:25] YBIVFDDD
[2025-08-03 21:54:25] WPLHWHRQ
[2025-08-03 21:54:25] GEDKIWWT
[2025-08-03 21:54:25] FBUAJBQO
[2025-08-03 21:54:25] LNKONJLL
[2025-08-03 21:54:25] IREUAKNJ
[2025-08-03 21:54:25] DVMROFYF
[2025-08-03 21:54:25] HMNZNBAB
[2025-08-03 21:54:25] LUXIOLCY
[2025-08-03 21:54:25] XXGHRWWX
[2025-08-03 21:54:25] BHEPRGGU
[2025-08-03 21:54:25] GMJDNIRK
[2025-08-03 21:54:25] CFEDYSHG
[2025-08-03 21:54:25] ZIHVUNLA
[2025-08-03 21:54:25] ACTLUGHU
[2025-08-03 21:54:25] NISJKVND
[2025-08-03 21:54:25] YVWPZAMD
[2025-08-03 21:54:25] FSUSYIRX
[2025-08-03 21:54:25] UQATTFCU
[2025-08-03 21:54:25] ODUYEKFH
[2025-08-03 21:54:25] RFUCXVVF
[2025-08-03 21:54:25] HFTPLHZO
[2025-08-03 21:54:25] TGCRHYHI
[2025-08-03 21:54:25] TEVOTBBZ
[2025-08-03 21:54:25] HNDCSPDX
[2025-08-03 21:54:25] FMSWQMPH
[2025-08-03 21:54:25] CUPSZFIT
[2025-08-03 21:54:25] MYHDTUOO
[2025-08-03 21:54:25] NKITTJGF
[2025-08-03 21:54:25] WFTOSUNS
[2025-08-03 21:54:25] GNRJPGIR
[2025-08-03 21:54:25] EHSBIWXW
[2025-08-03 21:54:25] KCNXESNA
[2025-08-03 21:54:25] DVZRTQYJ
[2025-08-03 21:54:25] IZXLGTGV
[2025-08-03 21:54:25] UKBYWHKF
[2025-08-03 21:54:25] RNEMJVSC
[2025-08-03 21:54:25] OCCUBGFO
[2025-08-03 21:54:25] QSKTSOMZ
[2025-08-03 21:54:25] AQPYAXEK
[2025-08-03 21:54:25] TQIJFQCV
[2025-08-03 21:54:25] UQSQRZDQ
[2025-08-03 21:54:25] YSOCBIHZ
[2025-08-03 21:54:25] QEOOEOGF
[2025-08-03 21:54:25] YDBLVIDU
[2025-08-03 21:54:25] UYWMESUH
[2025-08-03 21:54:25] SRDPDLGL
[2025-08-03 21:54:25] LKCOAXPK
[2025-08-03 21:54:25] KQPZBNRB
[2025-08-03 21:54:25] ZJFRHRUO
[2025-08-03 21:54:25] SYJCNOUF
[2025-08-03 21:54:25] YVRIMTNJ
[2025-08-03 21:54:25] JUBYDXOZ
[2025-08-03 21:54:25] GHZVMHMT
[2025-08-03 21:54:25] WEXQWYZM
[2025-08-03 21:54:25] MPWDIOGP
[2025-08-03 21:54:25] DGOENXYT
[2025-08-03 21:54:25] BDNDBNLG
[2025-08-03 21:54:25] OUHJCIBU
[2025-08-03 21:54:25] RMUHLYDL
[2025-08-03 21:54:25] XXUTKBXK
[2025-08-03 21:54:25] TZXUAIPG
[2025-08-03 21:54:25] UJOZHMGQ
[2025-08-03 21:54:25] UONDKHTS
[2025-08-03 21:54:25] IKQVHXPB
[2025-08-03 21:54:25] PLKLJSCN
[2025-08-03 21:54:25] RJFVHHUV
[2025-08-03 21:54:25] PAQWQFOK
[2025-08-03 21:54:25] FZAGCDJK
[2025-08-03 21:54:25] AULHYQQD
[2025-08-03 21:54:25] YYOPCNII
[2025-08-03 21:54:25] EWQTEYKV
[2025-08-03 21:54:25] YKMBRANH
[2025-08-03 21:54:25] XLOQEOHG
[2025-08-03 21:54:25] EBPLKPDY
[2025-08-03 21:54:25] JDKYICHU
[2025-08-03 21:54:25] YXJSMFWM
[2025-08-03 21:54:25] EUULRAOT
[2025-08-03 21:54:25] FLZBQHHA
[2025-08-03 21:54:25] KJIODURV
[2025-08-03 21:54:25] VYZGPUOG
[2025-08-03 21:54:25] LLBVPRCN
[2025-08-03 21:54:25] DHEZBDBK
[2025-08-03 21:54:25] FTBESFSY
[2025-08-03 21:54:25] TCUTATAG
[2025-08-03 21:54:25] ZJFOAKDD
[2025-08-03 21:54:25] GRHKBZGI
[2025-08-03 21:54:25] VVLNKDYJ
[2025-08-03 21:54:25] MOPXQIRW
[2025-08-03 21:54:25] FFLKDKOW
[2025-08-03 21:54:25] TMKYEHYB
[2025-08-03 21:54:25] XMNZKNZJ
[2025-08-03 21:54:25] FLMSBQKL
[2025-08-03 21:54:25] FOONKBKI
[2025-08-03 21:54:25] VIYDXDIL
[2025-08-03 21:54:25] YJDTTRHT
[2025-08-03 21:54:25] ECIFSKJE
[2025-08-03 21:54:25] LQAIVUEQ
[2025-08-03 21:54:25] RRVTCIJK
[2025-08-03 21:54:25] KOQVQTBF
[2025-08-03 21:54:25] GXGZXHVH
[2025-08-03 21:54:25] IKSUYUKI
[2025-08-03 21:54:25] DCKUFZKV
[2025-08-03 21:54:25] KEYRZOXK
[2025-08-03 21:54:25] QNKJTDDR
[2025-08-03 21:54:25] KNUROFNH
[2025-08-03 21:54:25] MVOWVGGK
[2025-08-03 21:54:25] YXVNOGYU
[2025-08-03 21:54:25] RPGRQVCZ
[2025-08-03 21:54:25] SWAECXEF
[2025-08-03 21:54:25] RPBEOLKA
[2025-08-03 21:54:25] QHQHBHYZ
[2025-08-03 21:54:25] PJALUYIT
[2025-08-03 21:54:25] REBKBYDP
[2025-08-03 21:54:25] GLSMSLUR
[2025-08-03 21:54:25] SYOAVNFF
[2025-08-03 21:54:25] KPLXEZDL
[2025-08-03 21:54:25] XSMTBHVE
[2025-08-03 21:54:25] YJQZVQOZ
[2025-08-03 21:54:25] PRUPFKCE
[2025-08-03 21:54:25] VAJEKHLH
[2025-08-03 21:54:25] PBFLWVFR
[2025-08-03 21:54:25] YDZHGUYH
[2025-08-03 21:54:25] KIYOLYZZ
[2025-08-03 21:54:25] DWTYGEQV
[2025-08-03 21:54:25] DYVKNSLB
[2025-08-03 21:54:25] NXGZYOGY
[2025-08-03 21:54:25] AVUSBFXD
[2025-08-03 21:54:25] DOXYZSWI
[2025-08-03 21:54:25] DJTYRENT
[2025-08-03 21:54:25] WWLLNGCK
[2025-08-03 21:54:25] XJCAMVDU
[2025-08-03 21:54:25] DISKCDZY
[2025-08-03 21:54:25] EROBVZIP
[2025-08-03 21:54:25] WOQKXBQH
[2025-08-03 21:54:25] SYFRQDKX
[2025-08-03 21:54:25] YOGTTHWP
[2025-08-03 21:54:25] UDRWMWFH
[2025-08-03 21:54:25] UNJTDFOI
[2025-08-03 21:54:25] TBFWXNNP
[2025-08-03 21:54:25] HVWPYOEU
[2025-08-03 21:54:25] FWSTFXBL
[2025-08-03 21:54:25] BFFIIFKN
[2025-08-03 21:54:25] ZLOFVFKG
[2025-08-03 21:54:25] IKTSQRJA
[2025-08-03 21:54:25] WCBQIDXD
[2025-08-03 21:54:25] YUANWMKW
[2025-08-03 21:54:25] AYEAKQHU
[2025-08-03 21:54:25] AYCEJKBQ
[2025-08-03 21:54:25] NOJUSXJQ
[2025-08-03 21:54:25] RABXABTP
[2025-08-03 21:54:25] KGSEZKWV
[2025-08-03 21:54:25] QZAGTLQC
[2025-08-03 21:54:25] KHRSMQFQ
[2025-08-03 21:54:25] FZQQEZGM
[2025-08-03 21:54:25] IIVBXHCG
[2025-08-03 21:54:25] YUGDWDNN
[2025-08-03 21:54:25] KEHGAXGL
[2025-08-03 21:54:25] TUZXMZOM
[2025-08-03 21:54:25] TGJHRSOQ
[2025-08-03 21:54:25] WHTKSTTV
[2025-08-03 21:54:25] PXWFYPBM
[2025-08-03 21:54:25] HWTYKKYT
[2025-08-03 21:54:25] WGEGXXKR
[2025-08-03 21:54:25] SAEZJEMQ
[2025-08-03 21:54:25] XWNAMFTZ
[2025-08-03 21:54:25] PHMXHCMD
[2025-08-03 21:54:25] SLEEOXNT
[2025-08-03 21:54:25] BDFCLXRJ
[2025-08-03 21:54:25] XKYNZQUT
[2025-08-03 21:54:25] HJDIETNE
[2025-08-03 21:54:25] SOQOMIKB
[2025-08-03 21:54:25] ZOXCNHLU
[2025-08-03 21:54:25] SURPFPTW
[2025-08-03 21:54:25] OVUVKJGN
[2025-08-03 21:54:25] MKGHVTMO
[2025-08-03 21:54:25] NVZZSZKF
[2025-08-03 21:54:25] QVTXMTEV
[2025-08-03 21:54:25] FOLFRHVC
[2025-08-03 21:54:25] XQXUASTY
[2025-08-03 21:54:25] BEBXKLBA
[2025-08-03 21:54:25] PYFZTAYF
[2025-08-03 21:54:25] GURQIJMW
[2025-08-03 21:54:25] UIPSMAXU
[2025-08-03 21:54:25] ACYWGNAK
[2025-08-03 21:54:25] BEZRNCCG
[2025-08-03 21:54:25] UHSMMZGZ
[2025-08-03 21:54:25] CUIXSFSG
[2025-08-03 21:54:25] KLJUVNKV
[2025-08-03 21:54:25] QAYNXCMH
[2025-08-03 21:54:25] RPKEISKM
[2025-08-03 21:54:25] GMKQGWGX
[2025-08-03 21:54:25] QVDXYNNW
[2025-08-03 21:54:25] NEQWFZOR
[2025-08-03 21:54:25] JGZMEEDE
[2025-08-03 21:54:25] BLDTMJRA
[2025-08-03 21:54:25] ICDEUIMY
[2025-08-03 21:54:25] AJCTVUGJ
[2025-08-03 21:54:25] JZZNEOXF
[2025-08-03 21:54:25] KMQUMPJU
[2025-08-03 21:54:25] DFBEYZWE
[2025-08-03 21:54:25] ZZRRPUPK
[2025-08-03 21:54:25] WODYDYOC
[2025-08-03 21:54:25] VDHGQQOZ
[2025-08-03 21:54:25] HTSTSNMM
[2025-08-03 21:54:25] TGTPKIDO
[2025-08-03 21:54:25] IOPBESZY
[2025-08-03 21:54:25] JROUZXTA
[2025-08-03 21:54:25] YKRLFMQE
[2025-08-03 21:54:25] QLVEOMZH
[2025-08-03 21:54:25] TAZJOITR
[2025-08-03 21:54:25] GIOTCXVC
[2025-08-03 21:54:25] ILCWPIUE
[2025-08-03 21:54:25] MITKRHOM
[2025-08-03 21:54:25] VYWAQFLC
[2025-08-03 21:54:25] KDXHSJKQ
[2025-08-03 21:54:25] UFAETQOH
[2025-08-03 21:54:25] YFOKBJUK
[2025-08-03 21:54:25] CUHHKQFZ
[2025-08-03 21:54:25] GUPRZMHQ
[2025-08-03 21:54:25] MWKXHSUV
[2025-08-03 21:54:25] TDTDLHMM
[2025-08-03 21:54:25] BDSMNDFB
[2025-08-03 21:54:25] LSOEFKNG
[2025-08-03 21:54:25] OANIIIKT
[2025-08-03 21:54:25] DCOHURJI
[2025-08-03 21:54:25] KJGFNDOJ
[2025-08-03 21:54:25] WTXGPLWZ
[2025-08-03 21:54:25] HAZWFGDF
[2025-08-03 21:54:25] RVWXNZNA
[2025-08-03 21:54:25] RZXQXIAP
[2025-08-03 21:54:25] LTMPUVSO
[2025-08-03 21:54:25] DVNSNJLT
[2025-08-03 21:54:25] ZVRYHAFF
[2025-08-03 21:54:25] PFXDWMTD
[2025-08-03 21:54:25] BQEWOTZP
[2025-08-03 21:54:25] CKCTUCPD
[2025-08-03 21:54:25] VYVVUKTF
[2025-08-03 21:54:25] UNDBZKGF
[2025-08-03 21:54:25] EVGJJOIR
[2025-08-03 21:54:25] KNWSBXTY
[2025-08-03 21:54:25] FVJHFHKM
[2025-08-03 21:54:25] OGYZZDST
[2025-08-03 21:54:25] VCNJEFYX
[2025-08-03 21:54:25] VIMGTPCX
[2025-08-03 21:54:25] WNUDUNAN
[2025-08-03 21:54:25] WUEGOGGO
[2025-08-03 21:54:25] WNBJCYVK
[2025-08-03 21:54:25] BNWREFCC
[2025-08-03 21:54:25] YQIPSJRD
[2025-08-03 21:54:25] JFDTSBZY
[2025-08-03 21:54:25] WUJRIREA
[2025-08-03 21:54:25] HHWITXOO
[2025-08-03 21:54:25] ENIKMOOB
[2025-08-03 21:54:25] FHRXSYPJ
[2025-08-03 21:54:25] AOVDOPVM
[2025-08-03 21:54:25] GBDEUSUG
[2025-08-03 21:54:25] LCGGKOQH
[2025-08-03 21:54:25] RTRBZJSX
